running egg_info
creating ../../build/diuniu_description/diuniu_description.egg-info
writing ../../build/diuniu_description/diuniu_description.egg-info/PKG-INFO
writing dependency_links to ../../build/diuniu_description/diuniu_description.egg-info/dependency_links.txt
writing entry points to ../../build/diuniu_description/diuniu_description.egg-info/entry_points.txt
writing requirements to ../../build/diuniu_description/diuniu_description.egg-info/requires.txt
writing top-level names to ../../build/diuniu_description/diuniu_description.egg-info/top_level.txt
writing manifest file '../../build/diuniu_description/diuniu_description.egg-info/SOURCES.txt'
reading manifest file '../../build/diuniu_description/diuniu_description.egg-info/SOURCES.txt'
writing manifest file '../../build/diuniu_description/diuniu_description.egg-info/SOURCES.txt'
running build
running build_py
creating /home/y/GZ_DiNiu_ws/build/diuniu_description/build
creating /home/y/GZ_DiNiu_ws/build/diuniu_description/build/lib
creating /home/y/GZ_DiNiu_ws/build/diuniu_description/build/lib/diuniu_description
copying diuniu_description/__init__.py -> /home/y/GZ_DiNiu_ws/build/diuniu_description/build/lib/diuniu_description
running install
running install_lib
creating /home/y/GZ_DiNiu_ws/install/diuniu_description/lib/python3.10/site-packages/diuniu_description
copying /home/y/GZ_DiNiu_ws/build/diuniu_description/build/lib/diuniu_description/__init__.py -> /home/y/GZ_DiNiu_ws/install/diuniu_description/lib/python3.10/site-packages/diuniu_description
byte-compiling /home/y/GZ_DiNiu_ws/install/diuniu_description/lib/python3.10/site-packages/diuniu_description/__init__.py to __init__.cpython-310.pyc
running install_data
creating /home/y/GZ_DiNiu_ws/install/diuniu_description/share/ament_index
creating /home/y/GZ_DiNiu_ws/install/diuniu_description/share/ament_index/resource_index
creating /home/y/GZ_DiNiu_ws/install/diuniu_description/share/ament_index/resource_index/packages
copying resource/diuniu_description -> /home/y/GZ_DiNiu_ws/install/diuniu_description/share/ament_index/resource_index/packages
copying package.xml -> /home/y/GZ_DiNiu_ws/install/diuniu_description/share/diuniu_description
creating /home/y/GZ_DiNiu_ws/install/diuniu_description/share/diuniu_description/launch
copying launch/display.launch.py -> /home/y/GZ_DiNiu_ws/install/diuniu_description/share/diuniu_description/launch
creating /home/y/GZ_DiNiu_ws/install/diuniu_description/share/diuniu_description/urdf
copying urdf/diuniu.urdf -> /home/y/GZ_DiNiu_ws/install/diuniu_description/share/diuniu_description/urdf
creating /home/y/GZ_DiNiu_ws/install/diuniu_description/share/diuniu_description/rviz
copying rviz/diuniu.rviz -> /home/y/GZ_DiNiu_ws/install/diuniu_description/share/diuniu_description/rviz
running install_egg_info
Copying ../../build/diuniu_description/diuniu_description.egg-info to /home/y/GZ_DiNiu_ws/install/diuniu_description/lib/python3.10/site-packages/diuniu_description-0.0.0-py3.10.egg-info
running install_scripts
writing list of installed files to '/home/y/GZ_DiNiu_ws/build/diuniu_description/install.log'
