[1.745s] Invoking command in '/home/y/GZ_DiNiu_ws/src/diuniu_description': PYTHONPATH=/home/y/GZ_DiNiu_ws/build/diuniu_description/prefix_override:/usr/lib/python3/dist-packages/colcon_core/task/python/colcon_distutils_commands:/home/y/GZ_DiNiu_ws/install/diuniu_description/lib/python3.10/site-packages:${PYTHONPATH} /usr/bin/python3 -W ignore:setup.py install is deprecated -W ignore:easy_install command is deprecated setup.py egg_info --egg-base ../../build/diuniu_description build --build-base /home/y/GZ_DiNiu_ws/build/diuniu_description/build install --record /home/y/GZ_DiNiu_ws/build/diuniu_description/install.log --install-scripts $base/lib/diuniu_description --single-version-externally-managed install_data
[2.231s] running egg_info
[2.231s] creating ../../build/diuniu_description/diuniu_description.egg-info
[2.232s] writing ../../build/diuniu_description/diuniu_description.egg-info/PKG-INFO
[2.235s] writing dependency_links to ../../build/diuniu_description/diuniu_description.egg-info/dependency_links.txt
[2.235s] writing entry points to ../../build/diuniu_description/diuniu_description.egg-info/entry_points.txt
[2.235s] writing requirements to ../../build/diuniu_description/diuniu_description.egg-info/requires.txt
[2.235s] writing top-level names to ../../build/diuniu_description/diuniu_description.egg-info/top_level.txt
[2.235s] writing manifest file '../../build/diuniu_description/diuniu_description.egg-info/SOURCES.txt'
[2.236s] reading manifest file '../../build/diuniu_description/diuniu_description.egg-info/SOURCES.txt'
[2.240s] writing manifest file '../../build/diuniu_description/diuniu_description.egg-info/SOURCES.txt'
[2.240s] running build
[2.240s] running build_py
[2.243s] creating /home/y/GZ_DiNiu_ws/build/diuniu_description/build
[2.243s] creating /home/y/GZ_DiNiu_ws/build/diuniu_description/build/lib
[2.243s] creating /home/y/GZ_DiNiu_ws/build/diuniu_description/build/lib/diuniu_description
[2.245s] copying diuniu_description/__init__.py -> /home/y/GZ_DiNiu_ws/build/diuniu_description/build/lib/diuniu_description
[2.245s] running install
[2.245s] running install_lib
[2.245s] creating /home/y/GZ_DiNiu_ws/install/diuniu_description/lib/python3.10/site-packages/diuniu_description
[2.245s] copying /home/y/GZ_DiNiu_ws/build/diuniu_description/build/lib/diuniu_description/__init__.py -> /home/y/GZ_DiNiu_ws/install/diuniu_description/lib/python3.10/site-packages/diuniu_description
[2.245s] byte-compiling /home/y/GZ_DiNiu_ws/install/diuniu_description/lib/python3.10/site-packages/diuniu_description/__init__.py to __init__.cpython-310.pyc
[2.246s] running install_data
[2.246s] creating /home/y/GZ_DiNiu_ws/install/diuniu_description/share/ament_index
[2.246s] creating /home/y/GZ_DiNiu_ws/install/diuniu_description/share/ament_index/resource_index
[2.246s] creating /home/y/GZ_DiNiu_ws/install/diuniu_description/share/ament_index/resource_index/packages
[2.251s] copying resource/diuniu_description -> /home/y/GZ_DiNiu_ws/install/diuniu_description/share/ament_index/resource_index/packages
[2.251s] copying package.xml -> /home/y/GZ_DiNiu_ws/install/diuniu_description/share/diuniu_description
[2.251s] creating /home/y/GZ_DiNiu_ws/install/diuniu_description/share/diuniu_description/launch
[2.251s] copying launch/display.launch.py -> /home/y/GZ_DiNiu_ws/install/diuniu_description/share/diuniu_description/launch
[2.251s] creating /home/y/GZ_DiNiu_ws/install/diuniu_description/share/diuniu_description/urdf
[2.251s] copying urdf/diuniu.urdf -> /home/y/GZ_DiNiu_ws/install/diuniu_description/share/diuniu_description/urdf
[2.251s] creating /home/y/GZ_DiNiu_ws/install/diuniu_description/share/diuniu_description/rviz
[2.252s] copying rviz/diuniu.rviz -> /home/y/GZ_DiNiu_ws/install/diuniu_description/share/diuniu_description/rviz
[2.252s] running install_egg_info
[2.252s] Copying ../../build/diuniu_description/diuniu_description.egg-info to /home/y/GZ_DiNiu_ws/install/diuniu_description/lib/python3.10/site-packages/diuniu_description-0.0.0-py3.10.egg-info
[2.252s] running install_scripts
[2.289s] writing list of installed files to '/home/y/GZ_DiNiu_ws/build/diuniu_description/install.log'
[2.383s] Invoked command in '/home/y/GZ_DiNiu_ws/src/diuniu_description' returned '0': PYTHONPATH=/home/y/GZ_DiNiu_ws/build/diuniu_description/prefix_override:/usr/lib/python3/dist-packages/colcon_core/task/python/colcon_distutils_commands:/home/y/GZ_DiNiu_ws/install/diuniu_description/lib/python3.10/site-packages:${PYTHONPATH} /usr/bin/python3 -W ignore:setup.py install is deprecated -W ignore:easy_install command is deprecated setup.py egg_info --egg-base ../../build/diuniu_description build --build-base /home/y/GZ_DiNiu_ws/build/diuniu_description/build install --record /home/y/GZ_DiNiu_ws/build/diuniu_description/install.log --install-scripts $base/lib/diuniu_description --single-version-externally-managed install_data
