running egg_info
writing ../../build/diuniu_base/diuniu_base.egg-info/PKG-INFO
writing dependency_links to ../../build/diuniu_base/diuniu_base.egg-info/dependency_links.txt
writing entry points to ../../build/diuniu_base/diuniu_base.egg-info/entry_points.txt
writing requirements to ../../build/diuniu_base/diuniu_base.egg-info/requires.txt
writing top-level names to ../../build/diuniu_base/diuniu_base.egg-info/top_level.txt
reading manifest file '../../build/diuniu_base/diuniu_base.egg-info/SOURCES.txt'
writing manifest file '../../build/diuniu_base/diuniu_base.egg-info/SOURCES.txt'
running build
running build_py
copying diuniu_base/diuniu_base_node.py -> /home/y/GZ_DiNiu_ws/build/diuniu_base/build/lib/diuniu_base
running install
running install_lib
copying /home/y/GZ_DiNiu_ws/build/diuniu_base/build/lib/diuniu_base/diuniu_base_node.py -> /home/y/GZ_DiNiu_ws/install/diuniu_base/lib/python3.10/site-packages/diuniu_base
byte-compiling /home/y/GZ_DiNiu_ws/install/diuniu_base/lib/python3.10/site-packages/diuniu_base/diuniu_base_node.py to diuniu_base_node.cpython-310.pyc
running install_data
running install_egg_info
removing '/home/y/GZ_DiNiu_ws/install/diuniu_base/lib/python3.10/site-packages/diuniu_base-0.0.0-py3.10.egg-info' (and everything under it)
Copying ../../build/diuniu_base/diuniu_base.egg-info to /home/y/GZ_DiNiu_ws/install/diuniu_base/lib/python3.10/site-packages/diuniu_base-0.0.0-py3.10.egg-info
running install_scripts
Installing diuniu_base script to /home/y/GZ_DiNiu_ws/install/diuniu_base/lib/diuniu_base
writing list of installed files to '/home/y/GZ_DiNiu_ws/build/diuniu_base/install.log'
