/home/y/GZ_DiNiu_ws/install/betop_teleop/lib/python3.10/site-packages/betop_teleop/diuniu_teleop_serial.py
/home/y/GZ_DiNiu_ws/install/betop_teleop/lib/python3.10/site-packages/betop_teleop/diuniu_teleop_cmd_vel.py
/home/y/GZ_DiNiu_ws/install/betop_teleop/lib/python3.10/site-packages/betop_teleop/__init__.py
/home/y/GZ_DiNiu_ws/install/betop_teleop/lib/python3.10/site-packages/betop_teleop/__pycache__/diuniu_teleop_serial.cpython-310.pyc
/home/y/GZ_DiNiu_ws/install/betop_teleop/lib/python3.10/site-packages/betop_teleop/__pycache__/diuniu_teleop_cmd_vel.cpython-310.pyc
/home/y/GZ_DiNiu_ws/install/betop_teleop/lib/python3.10/site-packages/betop_teleop/__pycache__/__init__.cpython-310.pyc
/home/y/GZ_DiNiu_ws/install/betop_teleop/share/ament_index/resource_index/packages/betop_teleop
/home/y/GZ_DiNiu_ws/install/betop_teleop/share/betop_teleop/package.xml
/home/y/GZ_DiNiu_ws/install/betop_teleop/share/betop_teleop/launch/diuniu_teleop.launch.py
/home/y/GZ_DiNiu_ws/install/betop_teleop/share/betop_teleop/launch/diuniu_teleop_serial.launch.py
/home/y/GZ_DiNiu_ws/install/betop_teleop/share/betop_teleop/launch/diuniu_teleop_cmd_vel.launch.py
/home/y/GZ_DiNiu_ws/install/betop_teleop/lib/python3.10/site-packages/betop_teleop-0.0.1-py3.10.egg-info/SOURCES.txt
/home/y/GZ_DiNiu_ws/install/betop_teleop/lib/python3.10/site-packages/betop_teleop-0.0.1-py3.10.egg-info/requires.txt
/home/y/GZ_DiNiu_ws/install/betop_teleop/lib/python3.10/site-packages/betop_teleop-0.0.1-py3.10.egg-info/PKG-INFO
/home/y/GZ_DiNiu_ws/install/betop_teleop/lib/python3.10/site-packages/betop_teleop-0.0.1-py3.10.egg-info/zip-safe
/home/y/GZ_DiNiu_ws/install/betop_teleop/lib/python3.10/site-packages/betop_teleop-0.0.1-py3.10.egg-info/entry_points.txt
/home/y/GZ_DiNiu_ws/install/betop_teleop/lib/python3.10/site-packages/betop_teleop-0.0.1-py3.10.egg-info/dependency_links.txt
/home/y/GZ_DiNiu_ws/install/betop_teleop/lib/python3.10/site-packages/betop_teleop-0.0.1-py3.10.egg-info/top_level.txt
/home/y/GZ_DiNiu_ws/install/betop_teleop/lib/betop_teleop/diuniu_teleop_cmd_vel
/home/y/GZ_DiNiu_ws/install/betop_teleop/lib/betop_teleop/diuniu_teleop_serial
