[0.158s] DEBUG:colcon:Command line arguments: ['/usr/bin/colcon', 'build', '--packages-select', 'betop_teleop', 'diuniu_base']
[0.158s] DEBUG:colcon:Parsed command line arguments: Namespace(log_base=None, log_level=None, verb_name='build', build_base='build', install_base='install', merge_install=False, symlink_install=False, test_result_base=None, continue_on_error=False, executor='parallel', parallel_workers=4, event_handlers=None, ignore_user_meta=False, metas=['./colcon.meta'], base_paths=['.'], packages_ignore=None, packages_ignore_regex=None, paths=None, packages_up_to=None, packages_up_to_regex=None, packages_above=None, packages_above_and_dependencies=None, packages_above_depth=None, packages_select_by_dep=None, packages_skip_by_dep=None, packages_skip_up_to=None, packages_select_build_failed=False, packages_skip_build_finished=False, packages_select_test_failures=False, packages_skip_test_passed=False, packages_select=['betop_teleop', 'diuniu_base'], packages_skip=None, packages_select_regex=None, packages_skip_regex=None, packages_start=None, packages_end=None, allow_overriding=[], cmake_args=None, cmake_target=None, cmake_target_skip_unavailable=False, cmake_clean_cache=False, cmake_clean_first=False, cmake_force_configure=False, ament_cmake_args=None, catkin_cmake_args=None, catkin_skip_building_tests=False, verb_parser=<colcon_defaults.argument_parser.defaults.DefaultArgumentsDecorator object at 0x71bbe09564d0>, verb_extension=<colcon_core.verb.build.BuildVerb object at 0x71bbe0acead0>, main=<bound method BuildVerb.main of <colcon_core.verb.build.BuildVerb object at 0x71bbe0acead0>>)
[0.376s] Level 1:colcon.colcon_core.package_discovery:discover_packages(colcon_meta) check parameters
[0.377s] Level 1:colcon.colcon_core.package_discovery:discover_packages(recursive) check parameters
[0.377s] Level 1:colcon.colcon_core.package_discovery:discover_packages(ignore) check parameters
[0.377s] Level 1:colcon.colcon_core.package_discovery:discover_packages(path) check parameters
[0.377s] Level 1:colcon.colcon_core.package_discovery:discover_packages(colcon_meta) discover
[0.377s] Level 1:colcon.colcon_core.package_discovery:discover_packages(recursive) discover
[0.377s] INFO:colcon.colcon_core.package_discovery:Crawling recursively for packages in '/home/y/GZ_DiNiu_ws'
[0.377s] Level 1:colcon.colcon_core.package_identification:_identify(.) by extensions ['ignore', 'ignore_ament_install']
[0.378s] Level 1:colcon.colcon_core.package_identification:_identify(.) by extension 'ignore'
[0.378s] Level 1:colcon.colcon_core.package_identification:_identify(.) by extension 'ignore_ament_install'
[0.378s] Level 1:colcon.colcon_core.package_identification:_identify(.) by extensions ['colcon_pkg']
[0.378s] Level 1:colcon.colcon_core.package_identification:_identify(.) by extension 'colcon_pkg'
[0.378s] Level 1:colcon.colcon_core.package_identification:_identify(.) by extensions ['colcon_meta']
[0.378s] Level 1:colcon.colcon_core.package_identification:_identify(.) by extension 'colcon_meta'
[0.378s] Level 1:colcon.colcon_core.package_identification:_identify(.) by extensions ['ros']
[0.378s] Level 1:colcon.colcon_core.package_identification:_identify(.) by extension 'ros'
[0.393s] Level 1:colcon.colcon_core.package_identification:_identify(.) by extensions ['cmake', 'python']
[0.393s] Level 1:colcon.colcon_core.package_identification:_identify(.) by extension 'cmake'
[0.393s] Level 1:colcon.colcon_core.package_identification:_identify(.) by extension 'python'
[0.393s] Level 1:colcon.colcon_core.package_identification:_identify(.) by extensions ['python_setup_py']
[0.393s] Level 1:colcon.colcon_core.package_identification:_identify(.) by extension 'python_setup_py'
[0.393s] Level 1:colcon.colcon_core.package_identification:_identify(build) by extensions ['ignore', 'ignore_ament_install']
[0.393s] Level 1:colcon.colcon_core.package_identification:_identify(build) by extension 'ignore'
[0.394s] Level 1:colcon.colcon_core.package_identification:_identify(build) ignored
[0.394s] Level 1:colcon.colcon_core.package_identification:_identify(install) by extensions ['ignore', 'ignore_ament_install']
[0.394s] Level 1:colcon.colcon_core.package_identification:_identify(install) by extension 'ignore'
[0.394s] Level 1:colcon.colcon_core.package_identification:_identify(install) ignored
[0.394s] Level 1:colcon.colcon_core.package_identification:_identify(log) by extensions ['ignore', 'ignore_ament_install']
[0.394s] Level 1:colcon.colcon_core.package_identification:_identify(log) by extension 'ignore'
[0.394s] Level 1:colcon.colcon_core.package_identification:_identify(log) ignored
[0.394s] Level 1:colcon.colcon_core.package_identification:_identify(src) by extensions ['ignore', 'ignore_ament_install']
[0.394s] Level 1:colcon.colcon_core.package_identification:_identify(src) by extension 'ignore'
[0.394s] Level 1:colcon.colcon_core.package_identification:_identify(src) by extension 'ignore_ament_install'
[0.395s] Level 1:colcon.colcon_core.package_identification:_identify(src) by extensions ['colcon_pkg']
[0.395s] Level 1:colcon.colcon_core.package_identification:_identify(src) by extension 'colcon_pkg'
[0.395s] Level 1:colcon.colcon_core.package_identification:_identify(src) by extensions ['colcon_meta']
[0.395s] Level 1:colcon.colcon_core.package_identification:_identify(src) by extension 'colcon_meta'
[0.395s] Level 1:colcon.colcon_core.package_identification:_identify(src) by extensions ['ros']
[0.395s] Level 1:colcon.colcon_core.package_identification:_identify(src) by extension 'ros'
[0.395s] Level 1:colcon.colcon_core.package_identification:_identify(src) by extensions ['cmake', 'python']
[0.395s] Level 1:colcon.colcon_core.package_identification:_identify(src) by extension 'cmake'
[0.395s] Level 1:colcon.colcon_core.package_identification:_identify(src) by extension 'python'
[0.395s] Level 1:colcon.colcon_core.package_identification:_identify(src) by extensions ['python_setup_py']
[0.395s] Level 1:colcon.colcon_core.package_identification:_identify(src) by extension 'python_setup_py'
[0.395s] Level 1:colcon.colcon_core.package_identification:_identify(src/betop_teleop) by extensions ['ignore', 'ignore_ament_install']
[0.395s] Level 1:colcon.colcon_core.package_identification:_identify(src/betop_teleop) by extension 'ignore'
[0.395s] Level 1:colcon.colcon_core.package_identification:_identify(src/betop_teleop) by extension 'ignore_ament_install'
[0.395s] Level 1:colcon.colcon_core.package_identification:_identify(src/betop_teleop) by extensions ['colcon_pkg']
[0.395s] Level 1:colcon.colcon_core.package_identification:_identify(src/betop_teleop) by extension 'colcon_pkg'
[0.395s] Level 1:colcon.colcon_core.package_identification:_identify(src/betop_teleop) by extensions ['colcon_meta']
[0.395s] Level 1:colcon.colcon_core.package_identification:_identify(src/betop_teleop) by extension 'colcon_meta'
[0.396s] Level 1:colcon.colcon_core.package_identification:_identify(src/betop_teleop) by extensions ['ros']
[0.396s] Level 1:colcon.colcon_core.package_identification:_identify(src/betop_teleop) by extension 'ros'
[0.399s] DEBUG:colcon.colcon_core.package_identification:Package 'src/betop_teleop' with type 'ros.ament_python' and name 'betop_teleop'
[0.400s] Level 1:colcon.colcon_core.package_identification:_identify(src/diuniu_base) by extensions ['ignore', 'ignore_ament_install']
[0.400s] Level 1:colcon.colcon_core.package_identification:_identify(src/diuniu_base) by extension 'ignore'
[0.400s] Level 1:colcon.colcon_core.package_identification:_identify(src/diuniu_base) by extension 'ignore_ament_install'
[0.400s] Level 1:colcon.colcon_core.package_identification:_identify(src/diuniu_base) by extensions ['colcon_pkg']
[0.400s] Level 1:colcon.colcon_core.package_identification:_identify(src/diuniu_base) by extension 'colcon_pkg'
[0.400s] Level 1:colcon.colcon_core.package_identification:_identify(src/diuniu_base) by extensions ['colcon_meta']
[0.400s] Level 1:colcon.colcon_core.package_identification:_identify(src/diuniu_base) by extension 'colcon_meta'
[0.400s] Level 1:colcon.colcon_core.package_identification:_identify(src/diuniu_base) by extensions ['ros']
[0.400s] Level 1:colcon.colcon_core.package_identification:_identify(src/diuniu_base) by extension 'ros'
[0.401s] DEBUG:colcon.colcon_core.package_identification:Package 'src/diuniu_base' with type 'ros.ament_python' and name 'diuniu_base'
[0.401s] Level 1:colcon.colcon_core.package_identification:_identify(src/diuniu_description) by extensions ['ignore', 'ignore_ament_install']
[0.401s] Level 1:colcon.colcon_core.package_identification:_identify(src/diuniu_description) by extension 'ignore'
[0.401s] Level 1:colcon.colcon_core.package_identification:_identify(src/diuniu_description) by extension 'ignore_ament_install'
[0.401s] Level 1:colcon.colcon_core.package_identification:_identify(src/diuniu_description) by extensions ['colcon_pkg']
[0.401s] Level 1:colcon.colcon_core.package_identification:_identify(src/diuniu_description) by extension 'colcon_pkg'
[0.401s] Level 1:colcon.colcon_core.package_identification:_identify(src/diuniu_description) by extensions ['colcon_meta']
[0.401s] Level 1:colcon.colcon_core.package_identification:_identify(src/diuniu_description) by extension 'colcon_meta'
[0.402s] Level 1:colcon.colcon_core.package_identification:_identify(src/diuniu_description) by extensions ['ros']
[0.402s] Level 1:colcon.colcon_core.package_identification:_identify(src/diuniu_description) by extension 'ros'
[0.402s] DEBUG:colcon.colcon_core.package_identification:Package 'src/diuniu_description' with type 'ros.ament_python' and name 'diuniu_description'
[0.402s] Level 1:colcon.colcon_core.package_discovery:discover_packages(recursive) using defaults
[0.402s] Level 1:colcon.colcon_core.package_discovery:discover_packages(ignore) discover
[0.402s] Level 1:colcon.colcon_core.package_discovery:discover_packages(ignore) using defaults
[0.402s] Level 1:colcon.colcon_core.package_discovery:discover_packages(path) discover
[0.402s] Level 1:colcon.colcon_core.package_discovery:discover_packages(path) using defaults
[0.452s] INFO:colcon.colcon_core.package_selection:Skipping not selected package 'diuniu_description' in 'src/diuniu_description'
[0.453s] Level 1:colcon.colcon_core.package_discovery:discover_packages(prefix_path) check parameters
[0.453s] Level 1:colcon.colcon_core.package_discovery:discover_packages(prefix_path) discover
[0.455s] DEBUG:colcon.colcon_installed_package_information.package_discovery:Found 3 installed packages in /home/y/GZ_DiNiu_ws/install
[0.456s] DEBUG:colcon.colcon_installed_package_information.package_discovery:Found 5 installed packages in /home/y/Web_ws/install
[0.457s] DEBUG:colcon.colcon_installed_package_information.package_discovery:Found 10 installed packages in /home/y/GZ_DiNiuY_ws/install
[0.459s] DEBUG:colcon.colcon_installed_package_information.package_discovery:Found 324 installed packages in /opt/ros/humble
[0.461s] Level 1:colcon.colcon_core.package_discovery:discover_packages(prefix_path) using defaults
[0.519s] Level 5:colcon.colcon_core.verb:set package 'betop_teleop' build argument 'cmake_args' from command line to 'None'
[0.519s] Level 5:colcon.colcon_core.verb:set package 'betop_teleop' build argument 'cmake_target' from command line to 'None'
[0.519s] Level 5:colcon.colcon_core.verb:set package 'betop_teleop' build argument 'cmake_target_skip_unavailable' from command line to 'False'
[0.519s] Level 5:colcon.colcon_core.verb:set package 'betop_teleop' build argument 'cmake_clean_cache' from command line to 'False'
[0.519s] Level 5:colcon.colcon_core.verb:set package 'betop_teleop' build argument 'cmake_clean_first' from command line to 'False'
[0.519s] Level 5:colcon.colcon_core.verb:set package 'betop_teleop' build argument 'cmake_force_configure' from command line to 'False'
[0.519s] Level 5:colcon.colcon_core.verb:set package 'betop_teleop' build argument 'ament_cmake_args' from command line to 'None'
[0.520s] Level 5:colcon.colcon_core.verb:set package 'betop_teleop' build argument 'catkin_cmake_args' from command line to 'None'
[0.520s] Level 5:colcon.colcon_core.verb:set package 'betop_teleop' build argument 'catkin_skip_building_tests' from command line to 'False'
[0.520s] DEBUG:colcon.colcon_core.verb:Building package 'betop_teleop' with the following arguments: {'ament_cmake_args': None, 'build_base': '/home/y/GZ_DiNiu_ws/build/betop_teleop', 'catkin_cmake_args': None, 'catkin_skip_building_tests': False, 'cmake_args': None, 'cmake_clean_cache': False, 'cmake_clean_first': False, 'cmake_force_configure': False, 'cmake_target': None, 'cmake_target_skip_unavailable': False, 'install_base': '/home/y/GZ_DiNiu_ws/install/betop_teleop', 'merge_install': False, 'path': '/home/y/GZ_DiNiu_ws/src/betop_teleop', 'symlink_install': False, 'test_result_base': None}
[0.520s] Level 5:colcon.colcon_core.verb:set package 'diuniu_base' build argument 'cmake_args' from command line to 'None'
[0.520s] Level 5:colcon.colcon_core.verb:set package 'diuniu_base' build argument 'cmake_target' from command line to 'None'
[0.520s] Level 5:colcon.colcon_core.verb:set package 'diuniu_base' build argument 'cmake_target_skip_unavailable' from command line to 'False'
[0.520s] Level 5:colcon.colcon_core.verb:set package 'diuniu_base' build argument 'cmake_clean_cache' from command line to 'False'
[0.520s] Level 5:colcon.colcon_core.verb:set package 'diuniu_base' build argument 'cmake_clean_first' from command line to 'False'
[0.520s] Level 5:colcon.colcon_core.verb:set package 'diuniu_base' build argument 'cmake_force_configure' from command line to 'False'
[0.520s] Level 5:colcon.colcon_core.verb:set package 'diuniu_base' build argument 'ament_cmake_args' from command line to 'None'
[0.520s] Level 5:colcon.colcon_core.verb:set package 'diuniu_base' build argument 'catkin_cmake_args' from command line to 'None'
[0.520s] Level 5:colcon.colcon_core.verb:set package 'diuniu_base' build argument 'catkin_skip_building_tests' from command line to 'False'
[0.520s] DEBUG:colcon.colcon_core.verb:Building package 'diuniu_base' with the following arguments: {'ament_cmake_args': None, 'build_base': '/home/y/GZ_DiNiu_ws/build/diuniu_base', 'catkin_cmake_args': None, 'catkin_skip_building_tests': False, 'cmake_args': None, 'cmake_clean_cache': False, 'cmake_clean_first': False, 'cmake_force_configure': False, 'cmake_target': None, 'cmake_target_skip_unavailable': False, 'install_base': '/home/y/GZ_DiNiu_ws/install/diuniu_base', 'merge_install': False, 'path': '/home/y/GZ_DiNiu_ws/src/diuniu_base', 'symlink_install': False, 'test_result_base': None}
[0.521s] INFO:colcon.colcon_core.executor:Executing jobs using 'parallel' executor
[0.522s] DEBUG:colcon.colcon_parallel_executor.executor.parallel:run_until_complete
[0.523s] INFO:colcon.colcon_ros.task.ament_python.build:Building ROS package in '/home/y/GZ_DiNiu_ws/src/betop_teleop' with build type 'ament_python'
[0.523s] Level 1:colcon.colcon_core.shell:create_environment_hook('betop_teleop', 'ament_prefix_path')
[0.525s] INFO:colcon.colcon_core.plugin_system:Skipping extension 'colcon_core.shell.bat': Not used on non-Windows systems
[0.526s] INFO:colcon.colcon_core.shell:Creating environment hook '/home/y/GZ_DiNiu_ws/install/betop_teleop/share/betop_teleop/hook/ament_prefix_path.ps1'
[0.527s] INFO:colcon.colcon_core.shell:Creating environment descriptor '/home/y/GZ_DiNiu_ws/install/betop_teleop/share/betop_teleop/hook/ament_prefix_path.dsv'
[0.527s] INFO:colcon.colcon_core.shell:Creating environment hook '/home/y/GZ_DiNiu_ws/install/betop_teleop/share/betop_teleop/hook/ament_prefix_path.sh'
[0.528s] INFO:colcon.colcon_core.shell:Skip shell extension 'powershell' for command environment: Not usable outside of PowerShell
[0.528s] DEBUG:colcon.colcon_core.shell:Skip shell extension 'dsv' for command environment
[0.536s] INFO:colcon.colcon_ros.task.ament_python.build:Building ROS package in '/home/y/GZ_DiNiu_ws/src/diuniu_base' with build type 'ament_python'
[0.536s] Level 1:colcon.colcon_core.shell:create_environment_hook('diuniu_base', 'ament_prefix_path')
[0.537s] INFO:colcon.colcon_core.shell:Creating environment hook '/home/y/GZ_DiNiu_ws/install/diuniu_base/share/diuniu_base/hook/ament_prefix_path.ps1'
[0.537s] INFO:colcon.colcon_core.shell:Creating environment descriptor '/home/y/GZ_DiNiu_ws/install/diuniu_base/share/diuniu_base/hook/ament_prefix_path.dsv'
[0.538s] INFO:colcon.colcon_core.shell:Creating environment hook '/home/y/GZ_DiNiu_ws/install/diuniu_base/share/diuniu_base/hook/ament_prefix_path.sh'
[0.539s] INFO:colcon.colcon_core.shell:Skip shell extension 'powershell' for command environment: Not usable outside of PowerShell
[0.539s] DEBUG:colcon.colcon_core.shell:Skip shell extension 'dsv' for command environment
[0.926s] INFO:colcon.colcon_core.task.python.build:Building Python package in '/home/y/GZ_DiNiu_ws/src/betop_teleop'
[0.927s] INFO:colcon.colcon_core.shell:Skip shell extension 'powershell' for command environment: Not usable outside of PowerShell
[0.927s] DEBUG:colcon.colcon_core.shell:Skip shell extension 'dsv' for command environment
[1.295s] INFO:colcon.colcon_core.task.python.build:Building Python package in '/home/y/GZ_DiNiu_ws/src/diuniu_base'
[1.295s] INFO:colcon.colcon_core.shell:Skip shell extension 'powershell' for command environment: Not usable outside of PowerShell
[1.295s] DEBUG:colcon.colcon_core.shell:Skip shell extension 'dsv' for command environment
[1.833s] DEBUG:colcon.colcon_core.task.python.build:Available setuptools commands: rotate, upload, install_lib, setopt, bdist_wheel, clean, check, bdist_egg, install_headers, dist_info, install_scripts, sdist, build, saveopts, register, build_scripts, build_ext, upload_docs, test, install, install_data, alias, bdist_dumb, install_egg_info, easy_install, bdist_rpm, build_py, symlink_data, egg_info, develop, build_clib, bdist
[1.838s] DEBUG:colcon.colcon_core.event_handler.log_command:Invoking command in '/home/y/GZ_DiNiu_ws/src/diuniu_base': PYTHONPATH=/home/y/GZ_DiNiu_ws/build/diuniu_base/prefix_override:/usr/lib/python3/dist-packages/colcon_core/task/python/colcon_distutils_commands:/home/y/GZ_DiNiu_ws/install/diuniu_base/lib/python3.10/site-packages:${PYTHONPATH} /usr/bin/python3 -W ignore:setup.py install is deprecated -W ignore:easy_install command is deprecated setup.py egg_info --egg-base ../../build/diuniu_base build --build-base /home/y/GZ_DiNiu_ws/build/diuniu_base/build install --record /home/y/GZ_DiNiu_ws/build/diuniu_base/install.log --install-scripts $base/lib/diuniu_base --single-version-externally-managed install_data
[1.840s] DEBUG:colcon.colcon_core.task.python.build:Available setuptools commands: rotate, upload, install_lib, setopt, bdist_wheel, clean, check, bdist_egg, install_headers, dist_info, install_scripts, sdist, build, saveopts, register, build_scripts, build_ext, upload_docs, test, install, install_data, alias, bdist_dumb, install_egg_info, easy_install, bdist_rpm, build_py, symlink_data, egg_info, develop, build_clib, bdist
[1.846s] DEBUG:colcon.colcon_core.event_handler.log_command:Invoking command in '/home/y/GZ_DiNiu_ws/src/betop_teleop': PYTHONPATH=/home/y/GZ_DiNiu_ws/build/betop_teleop/prefix_override:/usr/lib/python3/dist-packages/colcon_core/task/python/colcon_distutils_commands:/home/y/GZ_DiNiu_ws/install/betop_teleop/lib/python3.10/site-packages:${PYTHONPATH} /usr/bin/python3 -W ignore:setup.py install is deprecated -W ignore:easy_install command is deprecated setup.py egg_info --egg-base ../../build/betop_teleop build --build-base /home/y/GZ_DiNiu_ws/build/betop_teleop/build install --record /home/y/GZ_DiNiu_ws/build/betop_teleop/install.log --install-scripts $base/lib/betop_teleop --single-version-externally-managed install_data
[2.339s] DEBUG:colcon.colcon_core.event_handler.log_command:Invoked command in '/home/y/GZ_DiNiu_ws/src/betop_teleop' returned '0': PYTHONPATH=/home/y/GZ_DiNiu_ws/build/betop_teleop/prefix_override:/usr/lib/python3/dist-packages/colcon_core/task/python/colcon_distutils_commands:/home/y/GZ_DiNiu_ws/install/betop_teleop/lib/python3.10/site-packages:${PYTHONPATH} /usr/bin/python3 -W ignore:setup.py install is deprecated -W ignore:easy_install command is deprecated setup.py egg_info --egg-base ../../build/betop_teleop build --build-base /home/y/GZ_DiNiu_ws/build/betop_teleop/build install --record /home/y/GZ_DiNiu_ws/build/betop_teleop/install.log --install-scripts $base/lib/betop_teleop --single-version-externally-managed install_data
[2.342s] Level 1:colcon.colcon_core.environment:checking '/home/y/GZ_DiNiu_ws/install/betop_teleop' for CMake module files
[2.343s] Level 1:colcon.colcon_core.environment:checking '/home/y/GZ_DiNiu_ws/install/betop_teleop' for CMake config files
[2.345s] Level 1:colcon.colcon_core.environment:checking '/home/y/GZ_DiNiu_ws/install/betop_teleop/lib'
[2.345s] Level 1:colcon.colcon_core.environment:checking '/home/y/GZ_DiNiu_ws/install/betop_teleop/bin'
[2.345s] Level 1:colcon.colcon_core.environment:checking '/home/y/GZ_DiNiu_ws/install/betop_teleop/lib/pkgconfig/betop_teleop.pc'
[2.346s] Level 1:colcon.colcon_core.environment:checking '/home/y/GZ_DiNiu_ws/install/betop_teleop/lib/python3.10/site-packages'
[2.346s] Level 1:colcon.colcon_core.shell:create_environment_hook('betop_teleop', 'pythonpath')
[2.347s] INFO:colcon.colcon_core.shell:Creating environment hook '/home/y/GZ_DiNiu_ws/install/betop_teleop/share/betop_teleop/hook/pythonpath.ps1'
[2.348s] INFO:colcon.colcon_core.shell:Creating environment descriptor '/home/y/GZ_DiNiu_ws/install/betop_teleop/share/betop_teleop/hook/pythonpath.dsv'
[2.349s] INFO:colcon.colcon_core.shell:Creating environment hook '/home/y/GZ_DiNiu_ws/install/betop_teleop/share/betop_teleop/hook/pythonpath.sh'
[2.350s] Level 1:colcon.colcon_core.environment:checking '/home/y/GZ_DiNiu_ws/install/betop_teleop/bin'
[2.350s] Level 1:colcon.colcon_core.environment:create_environment_scripts_only(betop_teleop)
[2.351s] INFO:colcon.colcon_core.shell:Creating package script '/home/y/GZ_DiNiu_ws/install/betop_teleop/share/betop_teleop/package.ps1'
[2.353s] INFO:colcon.colcon_core.shell:Creating package descriptor '/home/y/GZ_DiNiu_ws/install/betop_teleop/share/betop_teleop/package.dsv'
[2.355s] INFO:colcon.colcon_core.shell:Creating package script '/home/y/GZ_DiNiu_ws/install/betop_teleop/share/betop_teleop/package.sh'
[2.357s] INFO:colcon.colcon_core.shell:Creating package script '/home/y/GZ_DiNiu_ws/install/betop_teleop/share/betop_teleop/package.bash'
[2.361s] INFO:colcon.colcon_core.shell:Creating package script '/home/y/GZ_DiNiu_ws/install/betop_teleop/share/betop_teleop/package.zsh'
[2.365s] Level 1:colcon.colcon_core.environment:create_file_with_runtime_dependencies(/home/y/GZ_DiNiu_ws/install/betop_teleop/share/colcon-core/packages/betop_teleop)
[2.370s] Level 1:colcon.colcon_core.environment:checking '/home/y/GZ_DiNiu_ws/install/diuniu_base' for CMake module files
[2.370s] DEBUG:colcon.colcon_core.event_handler.log_command:Invoked command in '/home/y/GZ_DiNiu_ws/src/diuniu_base' returned '0': PYTHONPATH=/home/y/GZ_DiNiu_ws/build/diuniu_base/prefix_override:/usr/lib/python3/dist-packages/colcon_core/task/python/colcon_distutils_commands:/home/y/GZ_DiNiu_ws/install/diuniu_base/lib/python3.10/site-packages:${PYTHONPATH} /usr/bin/python3 -W ignore:setup.py install is deprecated -W ignore:easy_install command is deprecated setup.py egg_info --egg-base ../../build/diuniu_base build --build-base /home/y/GZ_DiNiu_ws/build/diuniu_base/build install --record /home/y/GZ_DiNiu_ws/build/diuniu_base/install.log --install-scripts $base/lib/diuniu_base --single-version-externally-managed install_data
[2.371s] Level 1:colcon.colcon_core.environment:checking '/home/y/GZ_DiNiu_ws/install/diuniu_base' for CMake config files
[2.371s] Level 1:colcon.colcon_core.environment:checking '/home/y/GZ_DiNiu_ws/install/diuniu_base/lib'
[2.371s] Level 1:colcon.colcon_core.environment:checking '/home/y/GZ_DiNiu_ws/install/diuniu_base/bin'
[2.371s] Level 1:colcon.colcon_core.environment:checking '/home/y/GZ_DiNiu_ws/install/diuniu_base/lib/pkgconfig/diuniu_base.pc'
[2.372s] Level 1:colcon.colcon_core.environment:checking '/home/y/GZ_DiNiu_ws/install/diuniu_base/lib/python3.10/site-packages'
[2.372s] Level 1:colcon.colcon_core.shell:create_environment_hook('diuniu_base', 'pythonpath')
[2.372s] INFO:colcon.colcon_core.shell:Creating environment hook '/home/y/GZ_DiNiu_ws/install/diuniu_base/share/diuniu_base/hook/pythonpath.ps1'
[2.373s] INFO:colcon.colcon_core.shell:Creating environment descriptor '/home/y/GZ_DiNiu_ws/install/diuniu_base/share/diuniu_base/hook/pythonpath.dsv'
[2.373s] INFO:colcon.colcon_core.shell:Creating environment hook '/home/y/GZ_DiNiu_ws/install/diuniu_base/share/diuniu_base/hook/pythonpath.sh'
[2.374s] Level 1:colcon.colcon_core.environment:checking '/home/y/GZ_DiNiu_ws/install/diuniu_base/bin'
[2.375s] Level 1:colcon.colcon_core.environment:create_environment_scripts_only(diuniu_base)
[2.375s] INFO:colcon.colcon_core.shell:Creating package script '/home/y/GZ_DiNiu_ws/install/diuniu_base/share/diuniu_base/package.ps1'
[2.376s] INFO:colcon.colcon_core.shell:Creating package descriptor '/home/y/GZ_DiNiu_ws/install/diuniu_base/share/diuniu_base/package.dsv'
[2.377s] INFO:colcon.colcon_core.shell:Creating package script '/home/y/GZ_DiNiu_ws/install/diuniu_base/share/diuniu_base/package.sh'
[2.378s] INFO:colcon.colcon_core.shell:Creating package script '/home/y/GZ_DiNiu_ws/install/diuniu_base/share/diuniu_base/package.bash'
[2.379s] INFO:colcon.colcon_core.shell:Creating package script '/home/y/GZ_DiNiu_ws/install/diuniu_base/share/diuniu_base/package.zsh'
[2.379s] Level 1:colcon.colcon_core.environment:create_file_with_runtime_dependencies(/home/y/GZ_DiNiu_ws/install/diuniu_base/share/colcon-core/packages/diuniu_base)
[2.380s] DEBUG:colcon.colcon_parallel_executor.executor.parallel:closing loop
[2.380s] DEBUG:colcon.colcon_parallel_executor.executor.parallel:loop closed
[2.381s] DEBUG:colcon.colcon_parallel_executor.executor.parallel:run_until_complete finished with '0'
[2.381s] DEBUG:colcon.colcon_core.event_reactor:joining thread
[2.381s] DEBUG:colcon.colcon_core.event_reactor:joined thread
[2.382s] INFO:colcon.colcon_core.shell:Creating prefix script '/home/y/GZ_DiNiu_ws/install/local_setup.ps1'
[2.383s] INFO:colcon.colcon_core.shell:Creating prefix util module '/home/y/GZ_DiNiu_ws/install/_local_setup_util_ps1.py'
[2.385s] INFO:colcon.colcon_core.shell:Creating prefix chain script '/home/y/GZ_DiNiu_ws/install/setup.ps1'
[2.388s] INFO:colcon.colcon_core.shell:Creating prefix script '/home/y/GZ_DiNiu_ws/install/local_setup.sh'
[2.389s] INFO:colcon.colcon_core.shell:Creating prefix util module '/home/y/GZ_DiNiu_ws/install/_local_setup_util_sh.py'
[2.390s] INFO:colcon.colcon_core.shell:Creating prefix chain script '/home/y/GZ_DiNiu_ws/install/setup.sh'
[2.393s] INFO:colcon.colcon_core.shell:Creating prefix script '/home/y/GZ_DiNiu_ws/install/local_setup.bash'
[2.394s] INFO:colcon.colcon_core.shell:Creating prefix chain script '/home/y/GZ_DiNiu_ws/install/setup.bash'
[2.400s] INFO:colcon.colcon_core.shell:Creating prefix script '/home/y/GZ_DiNiu_ws/install/local_setup.zsh'
[2.401s] INFO:colcon.colcon_core.shell:Creating prefix chain script '/home/y/GZ_DiNiu_ws/install/setup.zsh'
