[0.843s] Invoking command in '/home/y/GZ_DiNiu_ws/src/diuniu_description': PYTHONPATH=/home/y/GZ_DiNiu_ws/build/diuniu_description/prefix_override:/usr/lib/python3/dist-packages/colcon_core/task/python/colcon_distutils_commands:/home/y/GZ_DiNiu_ws/install/diuniu_description/lib/python3.10/site-packages:${PYTHONPATH} /usr/bin/python3 -W ignore:setup.py install is deprecated -W ignore:easy_install command is deprecated setup.py egg_info --egg-base ../../build/diuniu_description build --build-base /home/y/GZ_DiNiu_ws/build/diuniu_description/build install --record /home/y/GZ_DiNiu_ws/build/diuniu_description/install.log --install-scripts $base/lib/diuniu_description --single-version-externally-managed install_data
[1.171s] running egg_info
[1.172s] writing ../../build/diuniu_description/diuniu_description.egg-info/PKG-INFO
[1.172s] writing dependency_links to ../../build/diuniu_description/diuniu_description.egg-info/dependency_links.txt
[1.172s] writing entry points to ../../build/diuniu_description/diuniu_description.egg-info/entry_points.txt
[1.172s] writing requirements to ../../build/diuniu_description/diuniu_description.egg-info/requires.txt
[1.172s] writing top-level names to ../../build/diuniu_description/diuniu_description.egg-info/top_level.txt
[1.174s] reading manifest file '../../build/diuniu_description/diuniu_description.egg-info/SOURCES.txt'
[1.176s] writing manifest file '../../build/diuniu_description/diuniu_description.egg-info/SOURCES.txt'
[1.176s] running build
[1.177s] running build_py
[1.177s] running install
[1.177s] running install_lib
[1.178s] running install_data
[1.179s] running install_egg_info
[1.181s] removing '/home/y/GZ_DiNiu_ws/install/diuniu_description/lib/python3.10/site-packages/diuniu_description-0.0.0-py3.10.egg-info' (and everything under it)
[1.181s] Copying ../../build/diuniu_description/diuniu_description.egg-info to /home/y/GZ_DiNiu_ws/install/diuniu_description/lib/python3.10/site-packages/diuniu_description-0.0.0-py3.10.egg-info
[1.182s] running install_scripts
[1.206s] writing list of installed files to '/home/y/GZ_DiNiu_ws/build/diuniu_description/install.log'
[1.253s] Invoked command in '/home/y/GZ_DiNiu_ws/src/diuniu_description' returned '0': PYTHONPATH=/home/y/GZ_DiNiu_ws/build/diuniu_description/prefix_override:/usr/lib/python3/dist-packages/colcon_core/task/python/colcon_distutils_commands:/home/y/GZ_DiNiu_ws/install/diuniu_description/lib/python3.10/site-packages:${PYTHONPATH} /usr/bin/python3 -W ignore:setup.py install is deprecated -W ignore:easy_install command is deprecated setup.py egg_info --egg-base ../../build/diuniu_description build --build-base /home/y/GZ_DiNiu_ws/build/diuniu_description/build install --record /home/y/GZ_DiNiu_ws/build/diuniu_description/install.log --install-scripts $base/lib/diuniu_description --single-version-externally-managed install_data
