[1.681s] Invoking command in '/home/y/GZ_DiNiu_ws/src/betop_teleop': PYTHONPATH=/home/y/GZ_DiNiu_ws/build/betop_teleop/prefix_override:/usr/lib/python3/dist-packages/colcon_core/task/python/colcon_distutils_commands:/home/y/GZ_DiNiu_ws/install/betop_teleop/lib/python3.10/site-packages:${PYTHONPATH} /usr/bin/python3 -W ignore:setup.py install is deprecated -W ignore:easy_install command is deprecated setup.py egg_info --egg-base ../../build/betop_teleop build --build-base /home/y/GZ_DiNiu_ws/build/betop_teleop/build install --record /home/y/GZ_DiNiu_ws/build/betop_teleop/install.log --install-scripts $base/lib/betop_teleop --single-version-externally-managed install_data
[2.135s] running egg_info
[2.137s] writing ../../build/betop_teleop/betop_teleop.egg-info/PKG-INFO
[2.137s] writing dependency_links to ../../build/betop_teleop/betop_teleop.egg-info/dependency_links.txt
[2.138s] writing entry points to ../../build/betop_teleop/betop_teleop.egg-info/entry_points.txt
[2.141s] writing requirements to ../../build/betop_teleop/betop_teleop.egg-info/requires.txt
[2.141s] writing top-level names to ../../build/betop_teleop/betop_teleop.egg-info/top_level.txt
[2.145s] reading manifest file '../../build/betop_teleop/betop_teleop.egg-info/SOURCES.txt'
[2.146s] writing manifest file '../../build/betop_teleop/betop_teleop.egg-info/SOURCES.txt'
[2.150s] running build
[2.150s] running build_py
[2.150s] copying betop_teleop/__init__.py -> /home/y/GZ_DiNiu_ws/build/betop_teleop/build/lib/betop_teleop
[2.151s] running install
[2.152s] running install_lib
[2.156s] copying /home/y/GZ_DiNiu_ws/build/betop_teleop/build/lib/betop_teleop/__init__.py -> /home/y/GZ_DiNiu_ws/install/betop_teleop/lib/python3.10/site-packages/betop_teleop
[2.159s] byte-compiling /home/y/GZ_DiNiu_ws/install/betop_teleop/lib/python3.10/site-packages/betop_teleop/__init__.py to __init__.cpython-310.pyc
[2.161s] running install_data
[2.161s] running install_egg_info
[2.165s] removing '/home/y/GZ_DiNiu_ws/install/betop_teleop/lib/python3.10/site-packages/betop_teleop-0.0.1-py3.10.egg-info' (and everything under it)
[2.165s] Copying ../../build/betop_teleop/betop_teleop.egg-info to /home/y/GZ_DiNiu_ws/install/betop_teleop/lib/python3.10/site-packages/betop_teleop-0.0.1-py3.10.egg-info
[2.168s] running install_scripts
[2.214s] Installing diuniu_teleop_cmd_vel script to /home/y/GZ_DiNiu_ws/install/betop_teleop/lib/betop_teleop
[2.214s] Installing diuniu_teleop_serial script to /home/y/GZ_DiNiu_ws/install/betop_teleop/lib/betop_teleop
[2.214s] writing list of installed files to '/home/y/GZ_DiNiu_ws/build/betop_teleop/install.log'
[2.286s] Invoked command in '/home/y/GZ_DiNiu_ws/src/betop_teleop' returned '0': PYTHONPATH=/home/y/GZ_DiNiu_ws/build/betop_teleop/prefix_override:/usr/lib/python3/dist-packages/colcon_core/task/python/colcon_distutils_commands:/home/y/GZ_DiNiu_ws/install/betop_teleop/lib/python3.10/site-packages:${PYTHONPATH} /usr/bin/python3 -W ignore:setup.py install is deprecated -W ignore:easy_install command is deprecated setup.py egg_info --egg-base ../../build/betop_teleop build --build-base /home/y/GZ_DiNiu_ws/build/betop_teleop/build install --record /home/y/GZ_DiNiu_ws/build/betop_teleop/install.log --install-scripts $base/lib/betop_teleop --single-version-externally-managed install_data
