[0.143s] DEBUG:colcon:Command line arguments: ['/usr/bin/colcon', 'build', '--packages-select', 'betop_teleop', 'diuniu_base']
[0.143s] DEBUG:colcon:Parsed command line arguments: Namespace(log_base=None, log_level=None, verb_name='build', build_base='build', install_base='install', merge_install=False, symlink_install=False, test_result_base=None, continue_on_error=False, executor='parallel', parallel_workers=4, event_handlers=None, ignore_user_meta=False, metas=['./colcon.meta'], base_paths=['.'], packages_ignore=None, packages_ignore_regex=None, paths=None, packages_up_to=None, packages_up_to_regex=None, packages_above=None, packages_above_and_dependencies=None, packages_above_depth=None, packages_select_by_dep=None, packages_skip_by_dep=None, packages_skip_up_to=None, packages_select_build_failed=False, packages_skip_build_finished=False, packages_select_test_failures=False, packages_skip_test_passed=False, packages_select=['betop_teleop', 'diuniu_base'], packages_skip=None, packages_select_regex=None, packages_skip_regex=None, packages_start=None, packages_end=None, allow_overriding=[], cmake_args=None, cmake_target=None, cmake_target_skip_unavailable=False, cmake_clean_cache=False, cmake_clean_first=False, cmake_force_configure=False, ament_cmake_args=None, catkin_cmake_args=None, catkin_skip_building_tests=False, verb_parser=<colcon_defaults.argument_parser.defaults.DefaultArgumentsDecorator object at 0x7eef6180a830>, verb_extension=<colcon_core.verb.build.BuildVerb object at 0x7eef61986e30>, main=<bound method BuildVerb.main of <colcon_core.verb.build.BuildVerb object at 0x7eef61986e30>>)
[0.358s] Level 1:colcon.colcon_core.package_discovery:discover_packages(colcon_meta) check parameters
[0.359s] Level 1:colcon.colcon_core.package_discovery:discover_packages(recursive) check parameters
[0.359s] Level 1:colcon.colcon_core.package_discovery:discover_packages(ignore) check parameters
[0.359s] Level 1:colcon.colcon_core.package_discovery:discover_packages(path) check parameters
[0.359s] Level 1:colcon.colcon_core.package_discovery:discover_packages(colcon_meta) discover
[0.359s] Level 1:colcon.colcon_core.package_discovery:discover_packages(recursive) discover
[0.359s] INFO:colcon.colcon_core.package_discovery:Crawling recursively for packages in '/home/y/GZ_DiNiu_ws'
[0.359s] Level 1:colcon.colcon_core.package_identification:_identify(.) by extensions ['ignore', 'ignore_ament_install']
[0.359s] Level 1:colcon.colcon_core.package_identification:_identify(.) by extension 'ignore'
[0.359s] Level 1:colcon.colcon_core.package_identification:_identify(.) by extension 'ignore_ament_install'
[0.359s] Level 1:colcon.colcon_core.package_identification:_identify(.) by extensions ['colcon_pkg']
[0.359s] Level 1:colcon.colcon_core.package_identification:_identify(.) by extension 'colcon_pkg'
[0.359s] Level 1:colcon.colcon_core.package_identification:_identify(.) by extensions ['colcon_meta']
[0.359s] Level 1:colcon.colcon_core.package_identification:_identify(.) by extension 'colcon_meta'
[0.359s] Level 1:colcon.colcon_core.package_identification:_identify(.) by extensions ['ros']
[0.359s] Level 1:colcon.colcon_core.package_identification:_identify(.) by extension 'ros'
[0.374s] Level 1:colcon.colcon_core.package_identification:_identify(.) by extensions ['cmake', 'python']
[0.374s] Level 1:colcon.colcon_core.package_identification:_identify(.) by extension 'cmake'
[0.374s] Level 1:colcon.colcon_core.package_identification:_identify(.) by extension 'python'
[0.374s] Level 1:colcon.colcon_core.package_identification:_identify(.) by extensions ['python_setup_py']
[0.375s] Level 1:colcon.colcon_core.package_identification:_identify(.) by extension 'python_setup_py'
[0.375s] Level 1:colcon.colcon_core.package_identification:_identify(build) by extensions ['ignore', 'ignore_ament_install']
[0.375s] Level 1:colcon.colcon_core.package_identification:_identify(build) by extension 'ignore'
[0.375s] Level 1:colcon.colcon_core.package_identification:_identify(build) ignored
[0.375s] Level 1:colcon.colcon_core.package_identification:_identify(install) by extensions ['ignore', 'ignore_ament_install']
[0.376s] Level 1:colcon.colcon_core.package_identification:_identify(install) by extension 'ignore'
[0.376s] Level 1:colcon.colcon_core.package_identification:_identify(install) ignored
[0.376s] Level 1:colcon.colcon_core.package_identification:_identify(log) by extensions ['ignore', 'ignore_ament_install']
[0.376s] Level 1:colcon.colcon_core.package_identification:_identify(log) by extension 'ignore'
[0.376s] Level 1:colcon.colcon_core.package_identification:_identify(log) ignored
[0.376s] Level 1:colcon.colcon_core.package_identification:_identify(src) by extensions ['ignore', 'ignore_ament_install']
[0.376s] Level 1:colcon.colcon_core.package_identification:_identify(src) by extension 'ignore'
[0.376s] Level 1:colcon.colcon_core.package_identification:_identify(src) by extension 'ignore_ament_install'
[0.377s] Level 1:colcon.colcon_core.package_identification:_identify(src) by extensions ['colcon_pkg']
[0.377s] Level 1:colcon.colcon_core.package_identification:_identify(src) by extension 'colcon_pkg'
[0.377s] Level 1:colcon.colcon_core.package_identification:_identify(src) by extensions ['colcon_meta']
[0.377s] Level 1:colcon.colcon_core.package_identification:_identify(src) by extension 'colcon_meta'
[0.377s] Level 1:colcon.colcon_core.package_identification:_identify(src) by extensions ['ros']
[0.377s] Level 1:colcon.colcon_core.package_identification:_identify(src) by extension 'ros'
[0.377s] Level 1:colcon.colcon_core.package_identification:_identify(src) by extensions ['cmake', 'python']
[0.377s] Level 1:colcon.colcon_core.package_identification:_identify(src) by extension 'cmake'
[0.377s] Level 1:colcon.colcon_core.package_identification:_identify(src) by extension 'python'
[0.377s] Level 1:colcon.colcon_core.package_identification:_identify(src) by extensions ['python_setup_py']
[0.377s] Level 1:colcon.colcon_core.package_identification:_identify(src) by extension 'python_setup_py'
[0.377s] Level 1:colcon.colcon_core.package_identification:_identify(src/betop_teleop) by extensions ['ignore', 'ignore_ament_install']
[0.377s] Level 1:colcon.colcon_core.package_identification:_identify(src/betop_teleop) by extension 'ignore'
[0.378s] Level 1:colcon.colcon_core.package_identification:_identify(src/betop_teleop) by extension 'ignore_ament_install'
[0.378s] Level 1:colcon.colcon_core.package_identification:_identify(src/betop_teleop) by extensions ['colcon_pkg']
[0.378s] Level 1:colcon.colcon_core.package_identification:_identify(src/betop_teleop) by extension 'colcon_pkg'
[0.378s] Level 1:colcon.colcon_core.package_identification:_identify(src/betop_teleop) by extensions ['colcon_meta']
[0.378s] Level 1:colcon.colcon_core.package_identification:_identify(src/betop_teleop) by extension 'colcon_meta'
[0.378s] Level 1:colcon.colcon_core.package_identification:_identify(src/betop_teleop) by extensions ['ros']
[0.378s] Level 1:colcon.colcon_core.package_identification:_identify(src/betop_teleop) by extension 'ros'
[0.382s] DEBUG:colcon.colcon_core.package_identification:Package 'src/betop_teleop' with type 'ros.ament_python' and name 'betop_teleop'
[0.382s] Level 1:colcon.colcon_core.package_identification:_identify(src/diuniu_base) by extensions ['ignore', 'ignore_ament_install']
[0.382s] Level 1:colcon.colcon_core.package_identification:_identify(src/diuniu_base) by extension 'ignore'
[0.382s] Level 1:colcon.colcon_core.package_identification:_identify(src/diuniu_base) by extension 'ignore_ament_install'
[0.382s] Level 1:colcon.colcon_core.package_identification:_identify(src/diuniu_base) by extensions ['colcon_pkg']
[0.382s] Level 1:colcon.colcon_core.package_identification:_identify(src/diuniu_base) by extension 'colcon_pkg'
[0.382s] Level 1:colcon.colcon_core.package_identification:_identify(src/diuniu_base) by extensions ['colcon_meta']
[0.382s] Level 1:colcon.colcon_core.package_identification:_identify(src/diuniu_base) by extension 'colcon_meta'
[0.382s] Level 1:colcon.colcon_core.package_identification:_identify(src/diuniu_base) by extensions ['ros']
[0.382s] Level 1:colcon.colcon_core.package_identification:_identify(src/diuniu_base) by extension 'ros'
[0.383s] DEBUG:colcon.colcon_core.package_identification:Package 'src/diuniu_base' with type 'ros.ament_python' and name 'diuniu_base'
[0.383s] Level 1:colcon.colcon_core.package_identification:_identify(src/diuniu_description) by extensions ['ignore', 'ignore_ament_install']
[0.383s] Level 1:colcon.colcon_core.package_identification:_identify(src/diuniu_description) by extension 'ignore'
[0.383s] Level 1:colcon.colcon_core.package_identification:_identify(src/diuniu_description) by extension 'ignore_ament_install'
[0.383s] Level 1:colcon.colcon_core.package_identification:_identify(src/diuniu_description) by extensions ['colcon_pkg']
[0.383s] Level 1:colcon.colcon_core.package_identification:_identify(src/diuniu_description) by extension 'colcon_pkg'
[0.383s] Level 1:colcon.colcon_core.package_identification:_identify(src/diuniu_description) by extensions ['colcon_meta']
[0.383s] Level 1:colcon.colcon_core.package_identification:_identify(src/diuniu_description) by extension 'colcon_meta'
[0.383s] Level 1:colcon.colcon_core.package_identification:_identify(src/diuniu_description) by extensions ['ros']
[0.383s] Level 1:colcon.colcon_core.package_identification:_identify(src/diuniu_description) by extension 'ros'
[0.384s] DEBUG:colcon.colcon_core.package_identification:Package 'src/diuniu_description' with type 'ros.ament_python' and name 'diuniu_description'
[0.384s] Level 1:colcon.colcon_core.package_discovery:discover_packages(recursive) using defaults
[0.384s] Level 1:colcon.colcon_core.package_discovery:discover_packages(ignore) discover
[0.384s] Level 1:colcon.colcon_core.package_discovery:discover_packages(ignore) using defaults
[0.384s] Level 1:colcon.colcon_core.package_discovery:discover_packages(path) discover
[0.384s] Level 1:colcon.colcon_core.package_discovery:discover_packages(path) using defaults
[0.431s] INFO:colcon.colcon_core.package_selection:Skipping not selected package 'diuniu_description' in 'src/diuniu_description'
[0.434s] Level 1:colcon.colcon_core.package_discovery:discover_packages(prefix_path) check parameters
[0.434s] Level 1:colcon.colcon_core.package_discovery:discover_packages(prefix_path) discover
[0.436s] WARNING:colcon.colcon_ros.prefix_path.ament:The path '/home/y/GZ_DiNiu_ws/install/diuniu_description' in the environment variable AMENT_PREFIX_PATH doesn't exist
[0.437s] WARNING:colcon.colcon_ros.prefix_path.ament:The path '/home/y/GZ_DiNiu_ws/install/diuniu_base' in the environment variable AMENT_PREFIX_PATH doesn't exist
[0.437s] WARNING:colcon.colcon_ros.prefix_path.ament:The path '/home/y/GZ_DiNiu_ws/install/betop_teleop' in the environment variable AMENT_PREFIX_PATH doesn't exist
[0.438s] DEBUG:colcon.colcon_installed_package_information.package_discovery:Found 0 installed packages in /home/y/GZ_DiNiu_ws/install
[0.439s] DEBUG:colcon.colcon_installed_package_information.package_discovery:Found 5 installed packages in /home/y/Web_ws/install
[0.439s] DEBUG:colcon.colcon_installed_package_information.package_discovery:Found 10 installed packages in /home/y/GZ_DiNiuY_ws/install
[0.441s] DEBUG:colcon.colcon_installed_package_information.package_discovery:Found 324 installed packages in /opt/ros/humble
[0.443s] Level 1:colcon.colcon_core.package_discovery:discover_packages(prefix_path) using defaults
[0.498s] Level 5:colcon.colcon_core.verb:set package 'betop_teleop' build argument 'cmake_args' from command line to 'None'
[0.498s] Level 5:colcon.colcon_core.verb:set package 'betop_teleop' build argument 'cmake_target' from command line to 'None'
[0.498s] Level 5:colcon.colcon_core.verb:set package 'betop_teleop' build argument 'cmake_target_skip_unavailable' from command line to 'False'
[0.498s] Level 5:colcon.colcon_core.verb:set package 'betop_teleop' build argument 'cmake_clean_cache' from command line to 'False'
[0.498s] Level 5:colcon.colcon_core.verb:set package 'betop_teleop' build argument 'cmake_clean_first' from command line to 'False'
[0.498s] Level 5:colcon.colcon_core.verb:set package 'betop_teleop' build argument 'cmake_force_configure' from command line to 'False'
[0.498s] Level 5:colcon.colcon_core.verb:set package 'betop_teleop' build argument 'ament_cmake_args' from command line to 'None'
[0.498s] Level 5:colcon.colcon_core.verb:set package 'betop_teleop' build argument 'catkin_cmake_args' from command line to 'None'
[0.498s] Level 5:colcon.colcon_core.verb:set package 'betop_teleop' build argument 'catkin_skip_building_tests' from command line to 'False'
[0.498s] DEBUG:colcon.colcon_core.verb:Building package 'betop_teleop' with the following arguments: {'ament_cmake_args': None, 'build_base': '/home/y/GZ_DiNiu_ws/build/betop_teleop', 'catkin_cmake_args': None, 'catkin_skip_building_tests': False, 'cmake_args': None, 'cmake_clean_cache': False, 'cmake_clean_first': False, 'cmake_force_configure': False, 'cmake_target': None, 'cmake_target_skip_unavailable': False, 'install_base': '/home/y/GZ_DiNiu_ws/install/betop_teleop', 'merge_install': False, 'path': '/home/y/GZ_DiNiu_ws/src/betop_teleop', 'symlink_install': False, 'test_result_base': None}
[0.499s] Level 5:colcon.colcon_core.verb:set package 'diuniu_base' build argument 'cmake_args' from command line to 'None'
[0.499s] Level 5:colcon.colcon_core.verb:set package 'diuniu_base' build argument 'cmake_target' from command line to 'None'
[0.499s] Level 5:colcon.colcon_core.verb:set package 'diuniu_base' build argument 'cmake_target_skip_unavailable' from command line to 'False'
[0.499s] Level 5:colcon.colcon_core.verb:set package 'diuniu_base' build argument 'cmake_clean_cache' from command line to 'False'
[0.499s] Level 5:colcon.colcon_core.verb:set package 'diuniu_base' build argument 'cmake_clean_first' from command line to 'False'
[0.499s] Level 5:colcon.colcon_core.verb:set package 'diuniu_base' build argument 'cmake_force_configure' from command line to 'False'
[0.499s] Level 5:colcon.colcon_core.verb:set package 'diuniu_base' build argument 'ament_cmake_args' from command line to 'None'
[0.499s] Level 5:colcon.colcon_core.verb:set package 'diuniu_base' build argument 'catkin_cmake_args' from command line to 'None'
[0.499s] Level 5:colcon.colcon_core.verb:set package 'diuniu_base' build argument 'catkin_skip_building_tests' from command line to 'False'
[0.499s] DEBUG:colcon.colcon_core.verb:Building package 'diuniu_base' with the following arguments: {'ament_cmake_args': None, 'build_base': '/home/y/GZ_DiNiu_ws/build/diuniu_base', 'catkin_cmake_args': None, 'catkin_skip_building_tests': False, 'cmake_args': None, 'cmake_clean_cache': False, 'cmake_clean_first': False, 'cmake_force_configure': False, 'cmake_target': None, 'cmake_target_skip_unavailable': False, 'install_base': '/home/y/GZ_DiNiu_ws/install/diuniu_base', 'merge_install': False, 'path': '/home/y/GZ_DiNiu_ws/src/diuniu_base', 'symlink_install': False, 'test_result_base': None}
[0.499s] INFO:colcon.colcon_core.executor:Executing jobs using 'parallel' executor
[0.500s] DEBUG:colcon.colcon_parallel_executor.executor.parallel:run_until_complete
[0.501s] INFO:colcon.colcon_ros.task.ament_python.build:Building ROS package in '/home/y/GZ_DiNiu_ws/src/betop_teleop' with build type 'ament_python'
[0.501s] Level 1:colcon.colcon_core.shell:create_environment_hook('betop_teleop', 'ament_prefix_path')
[0.503s] INFO:colcon.colcon_core.plugin_system:Skipping extension 'colcon_core.shell.bat': Not used on non-Windows systems
[0.503s] INFO:colcon.colcon_core.shell:Creating environment hook '/home/y/GZ_DiNiu_ws/install/betop_teleop/share/betop_teleop/hook/ament_prefix_path.ps1'
[0.504s] INFO:colcon.colcon_core.shell:Creating environment descriptor '/home/y/GZ_DiNiu_ws/install/betop_teleop/share/betop_teleop/hook/ament_prefix_path.dsv'
[0.505s] INFO:colcon.colcon_core.shell:Creating environment hook '/home/y/GZ_DiNiu_ws/install/betop_teleop/share/betop_teleop/hook/ament_prefix_path.sh'
[0.506s] INFO:colcon.colcon_core.shell:Skip shell extension 'powershell' for command environment: Not usable outside of PowerShell
[0.506s] DEBUG:colcon.colcon_core.shell:Skip shell extension 'dsv' for command environment
[0.512s] INFO:colcon.colcon_ros.task.ament_python.build:Building ROS package in '/home/y/GZ_DiNiu_ws/src/diuniu_base' with build type 'ament_python'
[0.512s] Level 1:colcon.colcon_core.shell:create_environment_hook('diuniu_base', 'ament_prefix_path')
[0.512s] INFO:colcon.colcon_core.shell:Creating environment hook '/home/y/GZ_DiNiu_ws/install/diuniu_base/share/diuniu_base/hook/ament_prefix_path.ps1'
[0.513s] INFO:colcon.colcon_core.shell:Creating environment descriptor '/home/y/GZ_DiNiu_ws/install/diuniu_base/share/diuniu_base/hook/ament_prefix_path.dsv'
[0.514s] INFO:colcon.colcon_core.shell:Creating environment hook '/home/y/GZ_DiNiu_ws/install/diuniu_base/share/diuniu_base/hook/ament_prefix_path.sh'
[0.514s] INFO:colcon.colcon_core.shell:Skip shell extension 'powershell' for command environment: Not usable outside of PowerShell
[0.514s] DEBUG:colcon.colcon_core.shell:Skip shell extension 'dsv' for command environment
[0.879s] INFO:colcon.colcon_core.task.python.build:Building Python package in '/home/y/GZ_DiNiu_ws/src/betop_teleop'
[0.880s] INFO:colcon.colcon_core.shell:Skip shell extension 'powershell' for command environment: Not usable outside of PowerShell
[0.880s] DEBUG:colcon.colcon_core.shell:Skip shell extension 'dsv' for command environment
[1.241s] INFO:colcon.colcon_core.task.python.build:Building Python package in '/home/y/GZ_DiNiu_ws/src/diuniu_base'
[1.242s] INFO:colcon.colcon_core.shell:Skip shell extension 'powershell' for command environment: Not usable outside of PowerShell
[1.251s] DEBUG:colcon.colcon_core.shell:Skip shell extension 'dsv' for command environment
[1.789s] DEBUG:colcon.colcon_core.task.python.build:Available setuptools commands: test, build_ext, build_clib, rotate, develop, symlink_data, install_egg_info, upload, bdist_wheel, egg_info, bdist_egg, clean, install_data, register, bdist, sdist, easy_install, setopt, upload_docs, build_py, bdist_dumb, build_scripts, build, check, install, saveopts, install_lib, bdist_rpm, install_scripts, dist_info, alias, install_headers
[1.791s] DEBUG:colcon.colcon_core.event_handler.log_command:Invoking command in '/home/y/GZ_DiNiu_ws/src/betop_teleop': PYTHONPATH=/home/y/GZ_DiNiu_ws/build/betop_teleop/prefix_override:/usr/lib/python3/dist-packages/colcon_core/task/python/colcon_distutils_commands:/home/y/GZ_DiNiu_ws/install/betop_teleop/lib/python3.10/site-packages:${PYTHONPATH} /usr/bin/python3 -W ignore:setup.py install is deprecated -W ignore:easy_install command is deprecated setup.py egg_info --egg-base ../../build/betop_teleop build --build-base /home/y/GZ_DiNiu_ws/build/betop_teleop/build install --record /home/y/GZ_DiNiu_ws/build/betop_teleop/install.log --install-scripts $base/lib/betop_teleop --single-version-externally-managed install_data
[1.813s] DEBUG:colcon.colcon_core.task.python.build:Available setuptools commands: test, build_ext, build_clib, rotate, develop, symlink_data, install_egg_info, upload, bdist_wheel, egg_info, bdist_egg, clean, install_data, register, bdist, sdist, easy_install, setopt, upload_docs, build_py, bdist_dumb, build_scripts, build, check, install, saveopts, install_lib, bdist_rpm, install_scripts, dist_info, alias, install_headers
[1.816s] DEBUG:colcon.colcon_core.event_handler.log_command:Invoking command in '/home/y/GZ_DiNiu_ws/src/diuniu_base': PYTHONPATH=/home/y/GZ_DiNiu_ws/build/diuniu_base/prefix_override:/usr/lib/python3/dist-packages/colcon_core/task/python/colcon_distutils_commands:/home/y/GZ_DiNiu_ws/install/diuniu_base/lib/python3.10/site-packages:${PYTHONPATH} /usr/bin/python3 -W ignore:setup.py install is deprecated -W ignore:easy_install command is deprecated setup.py egg_info --egg-base ../../build/diuniu_base build --build-base /home/y/GZ_DiNiu_ws/build/diuniu_base/build install --record /home/y/GZ_DiNiu_ws/build/diuniu_base/install.log --install-scripts $base/lib/diuniu_base --single-version-externally-managed install_data
[2.258s] DEBUG:colcon.colcon_core.event_handler.log_command:Invoked command in '/home/y/GZ_DiNiu_ws/src/betop_teleop' returned '0': PYTHONPATH=/home/y/GZ_DiNiu_ws/build/betop_teleop/prefix_override:/usr/lib/python3/dist-packages/colcon_core/task/python/colcon_distutils_commands:/home/y/GZ_DiNiu_ws/install/betop_teleop/lib/python3.10/site-packages:${PYTHONPATH} /usr/bin/python3 -W ignore:setup.py install is deprecated -W ignore:easy_install command is deprecated setup.py egg_info --egg-base ../../build/betop_teleop build --build-base /home/y/GZ_DiNiu_ws/build/betop_teleop/build install --record /home/y/GZ_DiNiu_ws/build/betop_teleop/install.log --install-scripts $base/lib/betop_teleop --single-version-externally-managed install_data
[2.263s] Level 1:colcon.colcon_core.environment:checking '/home/y/GZ_DiNiu_ws/install/betop_teleop' for CMake module files
[2.264s] Level 1:colcon.colcon_core.environment:checking '/home/y/GZ_DiNiu_ws/install/betop_teleop' for CMake config files
[2.264s] Level 1:colcon.colcon_core.environment:checking '/home/y/GZ_DiNiu_ws/install/betop_teleop/lib'
[2.265s] Level 1:colcon.colcon_core.environment:checking '/home/y/GZ_DiNiu_ws/install/betop_teleop/bin'
[2.265s] Level 1:colcon.colcon_core.environment:checking '/home/y/GZ_DiNiu_ws/install/betop_teleop/lib/pkgconfig/betop_teleop.pc'
[2.265s] Level 1:colcon.colcon_core.environment:checking '/home/y/GZ_DiNiu_ws/install/betop_teleop/lib/python3.10/site-packages'
[2.266s] Level 1:colcon.colcon_core.shell:create_environment_hook('betop_teleop', 'pythonpath')
[2.266s] INFO:colcon.colcon_core.shell:Creating environment hook '/home/y/GZ_DiNiu_ws/install/betop_teleop/share/betop_teleop/hook/pythonpath.ps1'
[2.268s] INFO:colcon.colcon_core.shell:Creating environment descriptor '/home/y/GZ_DiNiu_ws/install/betop_teleop/share/betop_teleop/hook/pythonpath.dsv'
[2.269s] INFO:colcon.colcon_core.shell:Creating environment hook '/home/y/GZ_DiNiu_ws/install/betop_teleop/share/betop_teleop/hook/pythonpath.sh'
[2.271s] Level 1:colcon.colcon_core.environment:checking '/home/y/GZ_DiNiu_ws/install/betop_teleop/bin'
[2.271s] Level 1:colcon.colcon_core.environment:create_environment_scripts_only(betop_teleop)
[2.272s] INFO:colcon.colcon_core.shell:Creating package script '/home/y/GZ_DiNiu_ws/install/betop_teleop/share/betop_teleop/package.ps1'
[2.274s] INFO:colcon.colcon_core.shell:Creating package descriptor '/home/y/GZ_DiNiu_ws/install/betop_teleop/share/betop_teleop/package.dsv'
[2.275s] INFO:colcon.colcon_core.shell:Creating package script '/home/y/GZ_DiNiu_ws/install/betop_teleop/share/betop_teleop/package.sh'
[2.276s] INFO:colcon.colcon_core.shell:Creating package script '/home/y/GZ_DiNiu_ws/install/betop_teleop/share/betop_teleop/package.bash'
[2.276s] INFO:colcon.colcon_core.shell:Creating package script '/home/y/GZ_DiNiu_ws/install/betop_teleop/share/betop_teleop/package.zsh'
[2.277s] Level 1:colcon.colcon_core.environment:create_file_with_runtime_dependencies(/home/y/GZ_DiNiu_ws/install/betop_teleop/share/colcon-core/packages/betop_teleop)
[2.279s] Level 1:colcon.colcon_core.environment:checking '/home/y/GZ_DiNiu_ws/install/diuniu_base' for CMake module files
[2.280s] DEBUG:colcon.colcon_core.event_handler.log_command:Invoked command in '/home/y/GZ_DiNiu_ws/src/diuniu_base' returned '0': PYTHONPATH=/home/y/GZ_DiNiu_ws/build/diuniu_base/prefix_override:/usr/lib/python3/dist-packages/colcon_core/task/python/colcon_distutils_commands:/home/y/GZ_DiNiu_ws/install/diuniu_base/lib/python3.10/site-packages:${PYTHONPATH} /usr/bin/python3 -W ignore:setup.py install is deprecated -W ignore:easy_install command is deprecated setup.py egg_info --egg-base ../../build/diuniu_base build --build-base /home/y/GZ_DiNiu_ws/build/diuniu_base/build install --record /home/y/GZ_DiNiu_ws/build/diuniu_base/install.log --install-scripts $base/lib/diuniu_base --single-version-externally-managed install_data
[2.280s] Level 1:colcon.colcon_core.environment:checking '/home/y/GZ_DiNiu_ws/install/diuniu_base' for CMake config files
[2.281s] Level 1:colcon.colcon_core.environment:checking '/home/y/GZ_DiNiu_ws/install/diuniu_base/lib'
[2.281s] Level 1:colcon.colcon_core.environment:checking '/home/y/GZ_DiNiu_ws/install/diuniu_base/bin'
[2.281s] Level 1:colcon.colcon_core.environment:checking '/home/y/GZ_DiNiu_ws/install/diuniu_base/lib/pkgconfig/diuniu_base.pc'
[2.281s] Level 1:colcon.colcon_core.environment:checking '/home/y/GZ_DiNiu_ws/install/diuniu_base/lib/python3.10/site-packages'
[2.281s] Level 1:colcon.colcon_core.shell:create_environment_hook('diuniu_base', 'pythonpath')
[2.282s] INFO:colcon.colcon_core.shell:Creating environment hook '/home/y/GZ_DiNiu_ws/install/diuniu_base/share/diuniu_base/hook/pythonpath.ps1'
[2.282s] INFO:colcon.colcon_core.shell:Creating environment descriptor '/home/y/GZ_DiNiu_ws/install/diuniu_base/share/diuniu_base/hook/pythonpath.dsv'
[2.283s] INFO:colcon.colcon_core.shell:Creating environment hook '/home/y/GZ_DiNiu_ws/install/diuniu_base/share/diuniu_base/hook/pythonpath.sh'
[2.283s] Level 1:colcon.colcon_core.environment:checking '/home/y/GZ_DiNiu_ws/install/diuniu_base/bin'
[2.284s] Level 1:colcon.colcon_core.environment:create_environment_scripts_only(diuniu_base)
[2.284s] INFO:colcon.colcon_core.shell:Creating package script '/home/y/GZ_DiNiu_ws/install/diuniu_base/share/diuniu_base/package.ps1'
[2.285s] INFO:colcon.colcon_core.shell:Creating package descriptor '/home/y/GZ_DiNiu_ws/install/diuniu_base/share/diuniu_base/package.dsv'
[2.286s] INFO:colcon.colcon_core.shell:Creating package script '/home/y/GZ_DiNiu_ws/install/diuniu_base/share/diuniu_base/package.sh'
[2.286s] INFO:colcon.colcon_core.shell:Creating package script '/home/y/GZ_DiNiu_ws/install/diuniu_base/share/diuniu_base/package.bash'
[2.287s] INFO:colcon.colcon_core.shell:Creating package script '/home/y/GZ_DiNiu_ws/install/diuniu_base/share/diuniu_base/package.zsh'
[2.287s] Level 1:colcon.colcon_core.environment:create_file_with_runtime_dependencies(/home/y/GZ_DiNiu_ws/install/diuniu_base/share/colcon-core/packages/diuniu_base)
[2.288s] DEBUG:colcon.colcon_parallel_executor.executor.parallel:closing loop
[2.288s] DEBUG:colcon.colcon_parallel_executor.executor.parallel:loop closed
[2.288s] DEBUG:colcon.colcon_parallel_executor.executor.parallel:run_until_complete finished with '0'
[2.288s] DEBUG:colcon.colcon_core.event_reactor:joining thread
[2.289s] DEBUG:colcon.colcon_core.event_reactor:joined thread
[2.290s] INFO:colcon.colcon_core.shell:Creating prefix script '/home/y/GZ_DiNiu_ws/install/local_setup.ps1'
[2.291s] INFO:colcon.colcon_core.shell:Creating prefix util module '/home/y/GZ_DiNiu_ws/install/_local_setup_util_ps1.py'
[2.293s] INFO:colcon.colcon_core.shell:Creating prefix chain script '/home/y/GZ_DiNiu_ws/install/setup.ps1'
[2.295s] INFO:colcon.colcon_core.shell:Creating prefix script '/home/y/GZ_DiNiu_ws/install/local_setup.sh'
[2.295s] INFO:colcon.colcon_core.shell:Creating prefix util module '/home/y/GZ_DiNiu_ws/install/_local_setup_util_sh.py'
[2.296s] INFO:colcon.colcon_core.shell:Creating prefix chain script '/home/y/GZ_DiNiu_ws/install/setup.sh'
[2.298s] INFO:colcon.colcon_core.shell:Creating prefix script '/home/y/GZ_DiNiu_ws/install/local_setup.bash'
[2.298s] INFO:colcon.colcon_core.shell:Creating prefix chain script '/home/y/GZ_DiNiu_ws/install/setup.bash'
[2.300s] INFO:colcon.colcon_core.shell:Creating prefix script '/home/y/GZ_DiNiu_ws/install/local_setup.zsh'
[2.300s] INFO:colcon.colcon_core.shell:Creating prefix chain script '/home/y/GZ_DiNiu_ws/install/setup.zsh'
