[1.828s] Invoking command in '/home/y/GZ_DiNiu_ws/src/diuniu_base': PYTHONPATH=/home/y/GZ_DiNiu_ws/build/diuniu_base/prefix_override:/usr/lib/python3/dist-packages/colcon_core/task/python/colcon_distutils_commands:/home/y/GZ_DiNiu_ws/install/diuniu_base/lib/python3.10/site-packages:${PYTHONPATH} /usr/bin/python3 -W ignore:setup.py install is deprecated -W ignore:easy_install command is deprecated setup.py egg_info --egg-base ../../build/diuniu_base build --build-base /home/y/GZ_DiNiu_ws/build/diuniu_base/build install --record /home/y/GZ_DiNiu_ws/build/diuniu_base/install.log --install-scripts $base/lib/diuniu_base --single-version-externally-managed install_data
[2.315s] running egg_info
[2.315s] writing ../../build/diuniu_base/diuniu_base.egg-info/PKG-INFO
[2.315s] writing dependency_links to ../../build/diuniu_base/diuniu_base.egg-info/dependency_links.txt
[2.323s] writing entry points to ../../build/diuniu_base/diuniu_base.egg-info/entry_points.txt
[2.326s] writing requirements to ../../build/diuniu_base/diuniu_base.egg-info/requires.txt
[2.327s] writing top-level names to ../../build/diuniu_base/diuniu_base.egg-info/top_level.txt
[2.327s] reading manifest file '../../build/diuniu_base/diuniu_base.egg-info/SOURCES.txt'
[2.332s] writing manifest file '../../build/diuniu_base/diuniu_base.egg-info/SOURCES.txt'
[2.333s] running build
[2.333s] running build_py
[2.333s] creating /home/y/GZ_DiNiu_ws/build/diuniu_base/build
[2.333s] creating /home/y/GZ_DiNiu_ws/build/diuniu_base/build/lib
[2.333s] creating /home/y/GZ_DiNiu_ws/build/diuniu_base/build/lib/diuniu_base
[2.333s] copying diuniu_base/diuniu_base_node.py -> /home/y/GZ_DiNiu_ws/build/diuniu_base/build/lib/diuniu_base
[2.333s] copying diuniu_base/__init__.py -> /home/y/GZ_DiNiu_ws/build/diuniu_base/build/lib/diuniu_base
[2.334s] running install
[2.334s] running install_lib
[2.335s] creating /home/y/GZ_DiNiu_ws/install/diuniu_base/lib/python3.10/site-packages/diuniu_base
[2.335s] copying /home/y/GZ_DiNiu_ws/build/diuniu_base/build/lib/diuniu_base/diuniu_base_node.py -> /home/y/GZ_DiNiu_ws/install/diuniu_base/lib/python3.10/site-packages/diuniu_base
[2.335s] copying /home/y/GZ_DiNiu_ws/build/diuniu_base/build/lib/diuniu_base/__init__.py -> /home/y/GZ_DiNiu_ws/install/diuniu_base/lib/python3.10/site-packages/diuniu_base
[2.337s] byte-compiling /home/y/GZ_DiNiu_ws/install/diuniu_base/lib/python3.10/site-packages/diuniu_base/diuniu_base_node.py to diuniu_base_node.cpython-310.pyc
[2.339s] byte-compiling /home/y/GZ_DiNiu_ws/install/diuniu_base/lib/python3.10/site-packages/diuniu_base/__init__.py to __init__.cpython-310.pyc
[2.339s] running install_data
[2.339s] running install_egg_info
[2.342s] removing '/home/y/GZ_DiNiu_ws/install/diuniu_base/lib/python3.10/site-packages/diuniu_base-0.0.0-py3.10.egg-info' (and everything under it)
[2.343s] Copying ../../build/diuniu_base/diuniu_base.egg-info to /home/y/GZ_DiNiu_ws/install/diuniu_base/lib/python3.10/site-packages/diuniu_base-0.0.0-py3.10.egg-info
[2.344s] running install_scripts
[2.386s] Installing diuniu_base script to /home/y/GZ_DiNiu_ws/install/diuniu_base/lib/diuniu_base
[2.390s] writing list of installed files to '/home/y/GZ_DiNiu_ws/build/diuniu_base/install.log'
[2.452s] Invoked command in '/home/y/GZ_DiNiu_ws/src/diuniu_base' returned '0': PYTHONPATH=/home/y/GZ_DiNiu_ws/build/diuniu_base/prefix_override:/usr/lib/python3/dist-packages/colcon_core/task/python/colcon_distutils_commands:/home/y/GZ_DiNiu_ws/install/diuniu_base/lib/python3.10/site-packages:${PYTHONPATH} /usr/bin/python3 -W ignore:setup.py install is deprecated -W ignore:easy_install command is deprecated setup.py egg_info --egg-base ../../build/diuniu_base build --build-base /home/y/GZ_DiNiu_ws/build/diuniu_base/build install --record /home/y/GZ_DiNiu_ws/build/diuniu_base/install.log --install-scripts $base/lib/diuniu_base --single-version-externally-managed install_data
