[0.148s] DEBUG:colcon:Command line arguments: ['/usr/bin/colcon', 'build']
[0.148s] DEBUG:colcon:Parsed command line arguments: Namespace(log_base=None, log_level=None, verb_name='build', build_base='build', install_base='install', merge_install=False, symlink_install=False, test_result_base=None, continue_on_error=False, executor='parallel', parallel_workers=4, event_handlers=None, ignore_user_meta=False, metas=['./colcon.meta'], base_paths=['.'], packages_ignore=None, packages_ignore_regex=None, paths=None, packages_up_to=None, packages_up_to_regex=None, packages_above=None, packages_above_and_dependencies=None, packages_above_depth=None, packages_select_by_dep=None, packages_skip_by_dep=None, packages_skip_up_to=None, packages_select_build_failed=False, packages_skip_build_finished=False, packages_select_test_failures=False, packages_skip_test_passed=False, packages_select=None, packages_skip=None, packages_select_regex=None, packages_skip_regex=None, packages_start=None, packages_end=None, allow_overriding=[], cmake_args=None, cmake_target=None, cmake_target_skip_unavailable=False, cmake_clean_cache=False, cmake_clean_first=False, cmake_force_configure=False, ament_cmake_args=None, catkin_cmake_args=None, catkin_skip_building_tests=False, verb_parser=<colcon_defaults.argument_parser.defaults.DefaultArgumentsDecorator object at 0x77fec22da470>, verb_extension=<colcon_core.verb.build.BuildVerb object at 0x77fec24d2a70>, main=<bound method BuildVerb.main of <colcon_core.verb.build.BuildVerb object at 0x77fec24d2a70>>)
[0.376s] Level 1:colcon.colcon_core.package_discovery:discover_packages(colcon_meta) check parameters
[0.376s] Level 1:colcon.colcon_core.package_discovery:discover_packages(recursive) check parameters
[0.376s] Level 1:colcon.colcon_core.package_discovery:discover_packages(ignore) check parameters
[0.376s] Level 1:colcon.colcon_core.package_discovery:discover_packages(path) check parameters
[0.376s] Level 1:colcon.colcon_core.package_discovery:discover_packages(colcon_meta) discover
[0.376s] Level 1:colcon.colcon_core.package_discovery:discover_packages(recursive) discover
[0.376s] INFO:colcon.colcon_core.package_discovery:Crawling recursively for packages in '/home/y/GZ_DiNiu_ws'
[0.377s] Level 1:colcon.colcon_core.package_identification:_identify(.) by extensions ['ignore', 'ignore_ament_install']
[0.377s] Level 1:colcon.colcon_core.package_identification:_identify(.) by extension 'ignore'
[0.377s] Level 1:colcon.colcon_core.package_identification:_identify(.) by extension 'ignore_ament_install'
[0.377s] Level 1:colcon.colcon_core.package_identification:_identify(.) by extensions ['colcon_pkg']
[0.377s] Level 1:colcon.colcon_core.package_identification:_identify(.) by extension 'colcon_pkg'
[0.377s] Level 1:colcon.colcon_core.package_identification:_identify(.) by extensions ['colcon_meta']
[0.377s] Level 1:colcon.colcon_core.package_identification:_identify(.) by extension 'colcon_meta'
[0.377s] Level 1:colcon.colcon_core.package_identification:_identify(.) by extensions ['ros']
[0.377s] Level 1:colcon.colcon_core.package_identification:_identify(.) by extension 'ros'
[0.391s] Level 1:colcon.colcon_core.package_identification:_identify(.) by extensions ['cmake', 'python']
[0.391s] Level 1:colcon.colcon_core.package_identification:_identify(.) by extension 'cmake'
[0.391s] Level 1:colcon.colcon_core.package_identification:_identify(.) by extension 'python'
[0.391s] Level 1:colcon.colcon_core.package_identification:_identify(.) by extensions ['python_setup_py']
[0.391s] Level 1:colcon.colcon_core.package_identification:_identify(.) by extension 'python_setup_py'
[0.391s] Level 1:colcon.colcon_core.package_identification:_identify(build) by extensions ['ignore', 'ignore_ament_install']
[0.391s] Level 1:colcon.colcon_core.package_identification:_identify(build) by extension 'ignore'
[0.392s] Level 1:colcon.colcon_core.package_identification:_identify(build) ignored
[0.392s] Level 1:colcon.colcon_core.package_identification:_identify(install) by extensions ['ignore', 'ignore_ament_install']
[0.392s] Level 1:colcon.colcon_core.package_identification:_identify(install) by extension 'ignore'
[0.392s] Level 1:colcon.colcon_core.package_identification:_identify(install) ignored
[0.392s] Level 1:colcon.colcon_core.package_identification:_identify(log) by extensions ['ignore', 'ignore_ament_install']
[0.392s] Level 1:colcon.colcon_core.package_identification:_identify(log) by extension 'ignore'
[0.392s] Level 1:colcon.colcon_core.package_identification:_identify(log) ignored
[0.392s] Level 1:colcon.colcon_core.package_identification:_identify(src) by extensions ['ignore', 'ignore_ament_install']
[0.392s] Level 1:colcon.colcon_core.package_identification:_identify(src) by extension 'ignore'
[0.392s] Level 1:colcon.colcon_core.package_identification:_identify(src) by extension 'ignore_ament_install'
[0.392s] Level 1:colcon.colcon_core.package_identification:_identify(src) by extensions ['colcon_pkg']
[0.392s] Level 1:colcon.colcon_core.package_identification:_identify(src) by extension 'colcon_pkg'
[0.393s] Level 1:colcon.colcon_core.package_identification:_identify(src) by extensions ['colcon_meta']
[0.393s] Level 1:colcon.colcon_core.package_identification:_identify(src) by extension 'colcon_meta'
[0.393s] Level 1:colcon.colcon_core.package_identification:_identify(src) by extensions ['ros']
[0.393s] Level 1:colcon.colcon_core.package_identification:_identify(src) by extension 'ros'
[0.393s] Level 1:colcon.colcon_core.package_identification:_identify(src) by extensions ['cmake', 'python']
[0.393s] Level 1:colcon.colcon_core.package_identification:_identify(src) by extension 'cmake'
[0.393s] Level 1:colcon.colcon_core.package_identification:_identify(src) by extension 'python'
[0.393s] Level 1:colcon.colcon_core.package_identification:_identify(src) by extensions ['python_setup_py']
[0.393s] Level 1:colcon.colcon_core.package_identification:_identify(src) by extension 'python_setup_py'
[0.393s] Level 1:colcon.colcon_core.package_identification:_identify(src/betop_teleop) by extensions ['ignore', 'ignore_ament_install']
[0.393s] Level 1:colcon.colcon_core.package_identification:_identify(src/betop_teleop) by extension 'ignore'
[0.393s] Level 1:colcon.colcon_core.package_identification:_identify(src/betop_teleop) by extension 'ignore_ament_install'
[0.393s] Level 1:colcon.colcon_core.package_identification:_identify(src/betop_teleop) by extensions ['colcon_pkg']
[0.393s] Level 1:colcon.colcon_core.package_identification:_identify(src/betop_teleop) by extension 'colcon_pkg'
[0.393s] Level 1:colcon.colcon_core.package_identification:_identify(src/betop_teleop) by extensions ['colcon_meta']
[0.393s] Level 1:colcon.colcon_core.package_identification:_identify(src/betop_teleop) by extension 'colcon_meta'
[0.393s] Level 1:colcon.colcon_core.package_identification:_identify(src/betop_teleop) by extensions ['ros']
[0.393s] Level 1:colcon.colcon_core.package_identification:_identify(src/betop_teleop) by extension 'ros'
[0.397s] DEBUG:colcon.colcon_core.package_identification:Package 'src/betop_teleop' with type 'ros.ament_python' and name 'betop_teleop'
[0.398s] Level 1:colcon.colcon_core.package_identification:_identify(src/diuniu_base) by extensions ['ignore', 'ignore_ament_install']
[0.398s] Level 1:colcon.colcon_core.package_identification:_identify(src/diuniu_base) by extension 'ignore'
[0.398s] Level 1:colcon.colcon_core.package_identification:_identify(src/diuniu_base) by extension 'ignore_ament_install'
[0.398s] Level 1:colcon.colcon_core.package_identification:_identify(src/diuniu_base) by extensions ['colcon_pkg']
[0.398s] Level 1:colcon.colcon_core.package_identification:_identify(src/diuniu_base) by extension 'colcon_pkg'
[0.398s] Level 1:colcon.colcon_core.package_identification:_identify(src/diuniu_base) by extensions ['colcon_meta']
[0.398s] Level 1:colcon.colcon_core.package_identification:_identify(src/diuniu_base) by extension 'colcon_meta'
[0.398s] Level 1:colcon.colcon_core.package_identification:_identify(src/diuniu_base) by extensions ['ros']
[0.398s] Level 1:colcon.colcon_core.package_identification:_identify(src/diuniu_base) by extension 'ros'
[0.399s] DEBUG:colcon.colcon_core.package_identification:Package 'src/diuniu_base' with type 'ros.ament_python' and name 'diuniu_base'
[0.400s] Level 1:colcon.colcon_core.package_identification:_identify(src/diuniu_description) by extensions ['ignore', 'ignore_ament_install']
[0.400s] Level 1:colcon.colcon_core.package_identification:_identify(src/diuniu_description) by extension 'ignore'
[0.400s] Level 1:colcon.colcon_core.package_identification:_identify(src/diuniu_description) by extension 'ignore_ament_install'
[0.400s] Level 1:colcon.colcon_core.package_identification:_identify(src/diuniu_description) by extensions ['colcon_pkg']
[0.401s] Level 1:colcon.colcon_core.package_identification:_identify(src/diuniu_description) by extension 'colcon_pkg'
[0.401s] Level 1:colcon.colcon_core.package_identification:_identify(src/diuniu_description) by extensions ['colcon_meta']
[0.401s] Level 1:colcon.colcon_core.package_identification:_identify(src/diuniu_description) by extension 'colcon_meta'
[0.401s] Level 1:colcon.colcon_core.package_identification:_identify(src/diuniu_description) by extensions ['ros']
[0.401s] Level 1:colcon.colcon_core.package_identification:_identify(src/diuniu_description) by extension 'ros'
[0.402s] DEBUG:colcon.colcon_core.package_identification:Package 'src/diuniu_description' with type 'ros.ament_python' and name 'diuniu_description'
[0.402s] Level 1:colcon.colcon_core.package_discovery:discover_packages(recursive) using defaults
[0.402s] Level 1:colcon.colcon_core.package_discovery:discover_packages(ignore) discover
[0.402s] Level 1:colcon.colcon_core.package_discovery:discover_packages(ignore) using defaults
[0.402s] Level 1:colcon.colcon_core.package_discovery:discover_packages(path) discover
[0.403s] Level 1:colcon.colcon_core.package_discovery:discover_packages(path) using defaults
[0.456s] Level 1:colcon.colcon_core.package_discovery:discover_packages(prefix_path) check parameters
[0.456s] Level 1:colcon.colcon_core.package_discovery:discover_packages(prefix_path) discover
[0.459s] DEBUG:colcon.colcon_installed_package_information.package_discovery:Found 3 installed packages in /home/y/GZ_DiNiu_ws/install
[0.460s] DEBUG:colcon.colcon_installed_package_information.package_discovery:Found 5 installed packages in /home/y/Web_ws/install
[0.460s] DEBUG:colcon.colcon_installed_package_information.package_discovery:Found 10 installed packages in /home/y/GZ_DiNiuY_ws/install
[0.462s] DEBUG:colcon.colcon_installed_package_information.package_discovery:Found 324 installed packages in /opt/ros/humble
[0.465s] Level 1:colcon.colcon_core.package_discovery:discover_packages(prefix_path) using defaults
[0.522s] Level 5:colcon.colcon_core.verb:set package 'betop_teleop' build argument 'cmake_args' from command line to 'None'
[0.522s] Level 5:colcon.colcon_core.verb:set package 'betop_teleop' build argument 'cmake_target' from command line to 'None'
[0.522s] Level 5:colcon.colcon_core.verb:set package 'betop_teleop' build argument 'cmake_target_skip_unavailable' from command line to 'False'
[0.522s] Level 5:colcon.colcon_core.verb:set package 'betop_teleop' build argument 'cmake_clean_cache' from command line to 'False'
[0.522s] Level 5:colcon.colcon_core.verb:set package 'betop_teleop' build argument 'cmake_clean_first' from command line to 'False'
[0.522s] Level 5:colcon.colcon_core.verb:set package 'betop_teleop' build argument 'cmake_force_configure' from command line to 'False'
[0.522s] Level 5:colcon.colcon_core.verb:set package 'betop_teleop' build argument 'ament_cmake_args' from command line to 'None'
[0.522s] Level 5:colcon.colcon_core.verb:set package 'betop_teleop' build argument 'catkin_cmake_args' from command line to 'None'
[0.522s] Level 5:colcon.colcon_core.verb:set package 'betop_teleop' build argument 'catkin_skip_building_tests' from command line to 'False'
[0.522s] DEBUG:colcon.colcon_core.verb:Building package 'betop_teleop' with the following arguments: {'ament_cmake_args': None, 'build_base': '/home/y/GZ_DiNiu_ws/build/betop_teleop', 'catkin_cmake_args': None, 'catkin_skip_building_tests': False, 'cmake_args': None, 'cmake_clean_cache': False, 'cmake_clean_first': False, 'cmake_force_configure': False, 'cmake_target': None, 'cmake_target_skip_unavailable': False, 'install_base': '/home/y/GZ_DiNiu_ws/install/betop_teleop', 'merge_install': False, 'path': '/home/y/GZ_DiNiu_ws/src/betop_teleop', 'symlink_install': False, 'test_result_base': None}
[0.523s] Level 5:colcon.colcon_core.verb:set package 'diuniu_base' build argument 'cmake_args' from command line to 'None'
[0.523s] Level 5:colcon.colcon_core.verb:set package 'diuniu_base' build argument 'cmake_target' from command line to 'None'
[0.523s] Level 5:colcon.colcon_core.verb:set package 'diuniu_base' build argument 'cmake_target_skip_unavailable' from command line to 'False'
[0.523s] Level 5:colcon.colcon_core.verb:set package 'diuniu_base' build argument 'cmake_clean_cache' from command line to 'False'
[0.523s] Level 5:colcon.colcon_core.verb:set package 'diuniu_base' build argument 'cmake_clean_first' from command line to 'False'
[0.523s] Level 5:colcon.colcon_core.verb:set package 'diuniu_base' build argument 'cmake_force_configure' from command line to 'False'
[0.523s] Level 5:colcon.colcon_core.verb:set package 'diuniu_base' build argument 'ament_cmake_args' from command line to 'None'
[0.523s] Level 5:colcon.colcon_core.verb:set package 'diuniu_base' build argument 'catkin_cmake_args' from command line to 'None'
[0.523s] Level 5:colcon.colcon_core.verb:set package 'diuniu_base' build argument 'catkin_skip_building_tests' from command line to 'False'
[0.523s] DEBUG:colcon.colcon_core.verb:Building package 'diuniu_base' with the following arguments: {'ament_cmake_args': None, 'build_base': '/home/y/GZ_DiNiu_ws/build/diuniu_base', 'catkin_cmake_args': None, 'catkin_skip_building_tests': False, 'cmake_args': None, 'cmake_clean_cache': False, 'cmake_clean_first': False, 'cmake_force_configure': False, 'cmake_target': None, 'cmake_target_skip_unavailable': False, 'install_base': '/home/y/GZ_DiNiu_ws/install/diuniu_base', 'merge_install': False, 'path': '/home/y/GZ_DiNiu_ws/src/diuniu_base', 'symlink_install': False, 'test_result_base': None}
[0.523s] Level 5:colcon.colcon_core.verb:set package 'diuniu_description' build argument 'cmake_args' from command line to 'None'
[0.524s] Level 5:colcon.colcon_core.verb:set package 'diuniu_description' build argument 'cmake_target' from command line to 'None'
[0.524s] Level 5:colcon.colcon_core.verb:set package 'diuniu_description' build argument 'cmake_target_skip_unavailable' from command line to 'False'
[0.524s] Level 5:colcon.colcon_core.verb:set package 'diuniu_description' build argument 'cmake_clean_cache' from command line to 'False'
[0.524s] Level 5:colcon.colcon_core.verb:set package 'diuniu_description' build argument 'cmake_clean_first' from command line to 'False'
[0.524s] Level 5:colcon.colcon_core.verb:set package 'diuniu_description' build argument 'cmake_force_configure' from command line to 'False'
[0.524s] Level 5:colcon.colcon_core.verb:set package 'diuniu_description' build argument 'ament_cmake_args' from command line to 'None'
[0.524s] Level 5:colcon.colcon_core.verb:set package 'diuniu_description' build argument 'catkin_cmake_args' from command line to 'None'
[0.524s] Level 5:colcon.colcon_core.verb:set package 'diuniu_description' build argument 'catkin_skip_building_tests' from command line to 'False'
[0.524s] DEBUG:colcon.colcon_core.verb:Building package 'diuniu_description' with the following arguments: {'ament_cmake_args': None, 'build_base': '/home/y/GZ_DiNiu_ws/build/diuniu_description', 'catkin_cmake_args': None, 'catkin_skip_building_tests': False, 'cmake_args': None, 'cmake_clean_cache': False, 'cmake_clean_first': False, 'cmake_force_configure': False, 'cmake_target': None, 'cmake_target_skip_unavailable': False, 'install_base': '/home/y/GZ_DiNiu_ws/install/diuniu_description', 'merge_install': False, 'path': '/home/y/GZ_DiNiu_ws/src/diuniu_description', 'symlink_install': False, 'test_result_base': None}
[0.524s] INFO:colcon.colcon_core.executor:Executing jobs using 'parallel' executor
[0.528s] DEBUG:colcon.colcon_parallel_executor.executor.parallel:run_until_complete
[0.528s] INFO:colcon.colcon_ros.task.ament_python.build:Building ROS package in '/home/y/GZ_DiNiu_ws/src/betop_teleop' with build type 'ament_python'
[0.528s] Level 1:colcon.colcon_core.shell:create_environment_hook('betop_teleop', 'ament_prefix_path')
[0.532s] INFO:colcon.colcon_core.plugin_system:Skipping extension 'colcon_core.shell.bat': Not used on non-Windows systems
[0.532s] INFO:colcon.colcon_core.shell:Creating environment hook '/home/y/GZ_DiNiu_ws/install/betop_teleop/share/betop_teleop/hook/ament_prefix_path.ps1'
[0.534s] INFO:colcon.colcon_core.shell:Creating environment descriptor '/home/y/GZ_DiNiu_ws/install/betop_teleop/share/betop_teleop/hook/ament_prefix_path.dsv'
[0.534s] INFO:colcon.colcon_core.shell:Creating environment hook '/home/y/GZ_DiNiu_ws/install/betop_teleop/share/betop_teleop/hook/ament_prefix_path.sh'
[0.536s] INFO:colcon.colcon_core.shell:Skip shell extension 'powershell' for command environment: Not usable outside of PowerShell
[0.536s] DEBUG:colcon.colcon_core.shell:Skip shell extension 'dsv' for command environment
[0.542s] INFO:colcon.colcon_ros.task.ament_python.build:Building ROS package in '/home/y/GZ_DiNiu_ws/src/diuniu_base' with build type 'ament_python'
[0.542s] Level 1:colcon.colcon_core.shell:create_environment_hook('diuniu_base', 'ament_prefix_path')
[0.543s] INFO:colcon.colcon_core.shell:Creating environment hook '/home/y/GZ_DiNiu_ws/install/diuniu_base/share/diuniu_base/hook/ament_prefix_path.ps1'
[0.543s] INFO:colcon.colcon_core.shell:Creating environment descriptor '/home/y/GZ_DiNiu_ws/install/diuniu_base/share/diuniu_base/hook/ament_prefix_path.dsv'
[0.544s] INFO:colcon.colcon_core.shell:Creating environment hook '/home/y/GZ_DiNiu_ws/install/diuniu_base/share/diuniu_base/hook/ament_prefix_path.sh'
[0.545s] INFO:colcon.colcon_core.shell:Skip shell extension 'powershell' for command environment: Not usable outside of PowerShell
[0.545s] DEBUG:colcon.colcon_core.shell:Skip shell extension 'dsv' for command environment
[0.551s] INFO:colcon.colcon_ros.task.ament_python.build:Building ROS package in '/home/y/GZ_DiNiu_ws/src/diuniu_description' with build type 'ament_python'
[0.551s] Level 1:colcon.colcon_core.shell:create_environment_hook('diuniu_description', 'ament_prefix_path')
[0.552s] INFO:colcon.colcon_core.shell:Creating environment hook '/home/y/GZ_DiNiu_ws/install/diuniu_description/share/diuniu_description/hook/ament_prefix_path.ps1'
[0.552s] INFO:colcon.colcon_core.shell:Creating environment descriptor '/home/y/GZ_DiNiu_ws/install/diuniu_description/share/diuniu_description/hook/ament_prefix_path.dsv'
[0.553s] INFO:colcon.colcon_core.shell:Creating environment hook '/home/y/GZ_DiNiu_ws/install/diuniu_description/share/diuniu_description/hook/ament_prefix_path.sh'
[0.554s] INFO:colcon.colcon_core.shell:Skip shell extension 'powershell' for command environment: Not usable outside of PowerShell
[0.554s] DEBUG:colcon.colcon_core.shell:Skip shell extension 'dsv' for command environment
[0.924s] INFO:colcon.colcon_core.task.python.build:Building Python package in '/home/y/GZ_DiNiu_ws/src/betop_teleop'
[0.925s] INFO:colcon.colcon_core.shell:Skip shell extension 'powershell' for command environment: Not usable outside of PowerShell
[0.925s] DEBUG:colcon.colcon_core.shell:Skip shell extension 'dsv' for command environment
[1.307s] INFO:colcon.colcon_core.task.python.build:Building Python package in '/home/y/GZ_DiNiu_ws/src/diuniu_base'
[1.308s] INFO:colcon.colcon_core.shell:Skip shell extension 'powershell' for command environment: Not usable outside of PowerShell
[1.308s] DEBUG:colcon.colcon_core.shell:Skip shell extension 'dsv' for command environment
[1.690s] INFO:colcon.colcon_core.task.python.build:Building Python package in '/home/y/GZ_DiNiu_ws/src/diuniu_description'
[1.691s] INFO:colcon.colcon_core.shell:Skip shell extension 'powershell' for command environment: Not usable outside of PowerShell
[1.691s] DEBUG:colcon.colcon_core.shell:Skip shell extension 'dsv' for command environment
[2.272s] DEBUG:colcon.colcon_core.task.python.build:Available setuptools commands: bdist_rpm, bdist, upload, bdist_dumb, easy_install, bdist_wheel, install_headers, sdist, clean, symlink_data, alias, test, bdist_egg, register, build_scripts, saveopts, build_ext, setopt, develop, install_data, upload_docs, install_lib, build_clib, install, check, rotate, build, egg_info, build_py, install_egg_info, install_scripts, dist_info
[2.295s] DEBUG:colcon.colcon_core.event_handler.log_command:Invoking command in '/home/y/GZ_DiNiu_ws/src/diuniu_base': PYTHONPATH=/home/y/GZ_DiNiu_ws/build/diuniu_base/prefix_override:/usr/lib/python3/dist-packages/colcon_core/task/python/colcon_distutils_commands:/home/y/GZ_DiNiu_ws/install/diuniu_base/lib/python3.10/site-packages:${PYTHONPATH} /usr/bin/python3 -W ignore:setup.py install is deprecated -W ignore:easy_install command is deprecated setup.py egg_info --egg-base ../../build/diuniu_base build --build-base /home/y/GZ_DiNiu_ws/build/diuniu_base/build install --record /home/y/GZ_DiNiu_ws/build/diuniu_base/install.log --install-scripts $base/lib/diuniu_base --single-version-externally-managed install_data
[2.418s] DEBUG:colcon.colcon_core.task.python.build:Available setuptools commands: bdist_rpm, bdist, upload, bdist_dumb, easy_install, bdist_wheel, install_headers, sdist, clean, symlink_data, alias, test, bdist_egg, register, build_scripts, saveopts, build_ext, setopt, develop, install_data, upload_docs, install_lib, build_clib, install, check, rotate, build, egg_info, build_py, install_egg_info, install_scripts, dist_info
[2.431s] DEBUG:colcon.colcon_core.event_handler.log_command:Invoking command in '/home/y/GZ_DiNiu_ws/src/betop_teleop': PYTHONPATH=/home/y/GZ_DiNiu_ws/build/betop_teleop/prefix_override:/usr/lib/python3/dist-packages/colcon_core/task/python/colcon_distutils_commands:/home/y/GZ_DiNiu_ws/install/betop_teleop/lib/python3.10/site-packages:${PYTHONPATH} /usr/bin/python3 -W ignore:setup.py install is deprecated -W ignore:easy_install command is deprecated setup.py egg_info --egg-base ../../build/betop_teleop build --build-base /home/y/GZ_DiNiu_ws/build/betop_teleop/build install --record /home/y/GZ_DiNiu_ws/build/betop_teleop/install.log --install-scripts $base/lib/betop_teleop --single-version-externally-managed install_data
[2.486s] DEBUG:colcon.colcon_core.task.python.build:Available setuptools commands: bdist_rpm, bdist, upload, bdist_dumb, easy_install, bdist_wheel, install_headers, sdist, clean, symlink_data, alias, test, bdist_egg, register, build_scripts, saveopts, build_ext, setopt, develop, install_data, upload_docs, install_lib, build_clib, install, check, rotate, build, egg_info, build_py, install_egg_info, install_scripts, dist_info
[2.499s] DEBUG:colcon.colcon_core.event_handler.log_command:Invoking command in '/home/y/GZ_DiNiu_ws/src/diuniu_description': PYTHONPATH=/home/y/GZ_DiNiu_ws/build/diuniu_description/prefix_override:/usr/lib/python3/dist-packages/colcon_core/task/python/colcon_distutils_commands:/home/y/GZ_DiNiu_ws/install/diuniu_description/lib/python3.10/site-packages:${PYTHONPATH} /usr/bin/python3 -W ignore:setup.py install is deprecated -W ignore:easy_install command is deprecated setup.py egg_info --egg-base ../../build/diuniu_description build --build-base /home/y/GZ_DiNiu_ws/build/diuniu_description/build install --record /home/y/GZ_DiNiu_ws/build/diuniu_description/install.log --install-scripts $base/lib/diuniu_description --single-version-externally-managed install_data
[2.827s] DEBUG:colcon.colcon_core.event_handler.log_command:Invoked command in '/home/y/GZ_DiNiu_ws/src/diuniu_base' returned '0': PYTHONPATH=/home/y/GZ_DiNiu_ws/build/diuniu_base/prefix_override:/usr/lib/python3/dist-packages/colcon_core/task/python/colcon_distutils_commands:/home/y/GZ_DiNiu_ws/install/diuniu_base/lib/python3.10/site-packages:${PYTHONPATH} /usr/bin/python3 -W ignore:setup.py install is deprecated -W ignore:easy_install command is deprecated setup.py egg_info --egg-base ../../build/diuniu_base build --build-base /home/y/GZ_DiNiu_ws/build/diuniu_base/build install --record /home/y/GZ_DiNiu_ws/build/diuniu_base/install.log --install-scripts $base/lib/diuniu_base --single-version-externally-managed install_data
[2.828s] Level 1:colcon.colcon_core.environment:checking '/home/y/GZ_DiNiu_ws/install/diuniu_base' for CMake module files
[2.829s] Level 1:colcon.colcon_core.environment:checking '/home/y/GZ_DiNiu_ws/install/diuniu_base' for CMake config files
[2.830s] Level 1:colcon.colcon_core.environment:checking '/home/y/GZ_DiNiu_ws/install/diuniu_base/lib'
[2.830s] Level 1:colcon.colcon_core.environment:checking '/home/y/GZ_DiNiu_ws/install/diuniu_base/bin'
[2.831s] Level 1:colcon.colcon_core.environment:checking '/home/y/GZ_DiNiu_ws/install/diuniu_base/lib/pkgconfig/diuniu_base.pc'
[2.831s] Level 1:colcon.colcon_core.environment:checking '/home/y/GZ_DiNiu_ws/install/diuniu_base/lib/python3.10/site-packages'
[2.831s] Level 1:colcon.colcon_core.shell:create_environment_hook('diuniu_base', 'pythonpath')
[2.831s] INFO:colcon.colcon_core.shell:Creating environment hook '/home/y/GZ_DiNiu_ws/install/diuniu_base/share/diuniu_base/hook/pythonpath.ps1'
[2.833s] INFO:colcon.colcon_core.shell:Creating environment descriptor '/home/y/GZ_DiNiu_ws/install/diuniu_base/share/diuniu_base/hook/pythonpath.dsv'
[2.833s] INFO:colcon.colcon_core.shell:Creating environment hook '/home/y/GZ_DiNiu_ws/install/diuniu_base/share/diuniu_base/hook/pythonpath.sh'
[2.835s] Level 1:colcon.colcon_core.environment:checking '/home/y/GZ_DiNiu_ws/install/diuniu_base/bin'
[2.835s] Level 1:colcon.colcon_core.environment:create_environment_scripts_only(diuniu_base)
[2.837s] INFO:colcon.colcon_core.shell:Creating package script '/home/y/GZ_DiNiu_ws/install/diuniu_base/share/diuniu_base/package.ps1'
[2.845s] INFO:colcon.colcon_core.shell:Creating package descriptor '/home/y/GZ_DiNiu_ws/install/diuniu_base/share/diuniu_base/package.dsv'
[2.849s] INFO:colcon.colcon_core.shell:Creating package script '/home/y/GZ_DiNiu_ws/install/diuniu_base/share/diuniu_base/package.sh'
[2.850s] INFO:colcon.colcon_core.shell:Creating package script '/home/y/GZ_DiNiu_ws/install/diuniu_base/share/diuniu_base/package.bash'
[2.851s] INFO:colcon.colcon_core.shell:Creating package script '/home/y/GZ_DiNiu_ws/install/diuniu_base/share/diuniu_base/package.zsh'
[2.852s] Level 1:colcon.colcon_core.environment:create_file_with_runtime_dependencies(/home/y/GZ_DiNiu_ws/install/diuniu_base/share/colcon-core/packages/diuniu_base)
[3.039s] Level 1:colcon.colcon_core.environment:checking '/home/y/GZ_DiNiu_ws/install/betop_teleop' for CMake module files
[3.041s] Level 1:colcon.colcon_core.environment:checking '/home/y/GZ_DiNiu_ws/install/betop_teleop' for CMake config files
[3.041s] Level 1:colcon.colcon_core.environment:checking '/home/y/GZ_DiNiu_ws/install/betop_teleop/lib'
[3.041s] Level 1:colcon.colcon_core.environment:checking '/home/y/GZ_DiNiu_ws/install/betop_teleop/bin'
[3.040s] DEBUG:colcon.colcon_core.event_handler.log_command:Invoked command in '/home/y/GZ_DiNiu_ws/src/betop_teleop' returned '0': PYTHONPATH=/home/y/GZ_DiNiu_ws/build/betop_teleop/prefix_override:/usr/lib/python3/dist-packages/colcon_core/task/python/colcon_distutils_commands:/home/y/GZ_DiNiu_ws/install/betop_teleop/lib/python3.10/site-packages:${PYTHONPATH} /usr/bin/python3 -W ignore:setup.py install is deprecated -W ignore:easy_install command is deprecated setup.py egg_info --egg-base ../../build/betop_teleop build --build-base /home/y/GZ_DiNiu_ws/build/betop_teleop/build install --record /home/y/GZ_DiNiu_ws/build/betop_teleop/install.log --install-scripts $base/lib/betop_teleop --single-version-externally-managed install_data
[3.042s] Level 1:colcon.colcon_core.environment:checking '/home/y/GZ_DiNiu_ws/install/betop_teleop/lib/pkgconfig/betop_teleop.pc'
[3.042s] Level 1:colcon.colcon_core.environment:checking '/home/y/GZ_DiNiu_ws/install/betop_teleop/lib/python3.10/site-packages'
[3.042s] Level 1:colcon.colcon_core.shell:create_environment_hook('betop_teleop', 'pythonpath')
[3.043s] INFO:colcon.colcon_core.shell:Creating environment hook '/home/y/GZ_DiNiu_ws/install/betop_teleop/share/betop_teleop/hook/pythonpath.ps1'
[3.044s] INFO:colcon.colcon_core.shell:Creating environment descriptor '/home/y/GZ_DiNiu_ws/install/betop_teleop/share/betop_teleop/hook/pythonpath.dsv'
[3.045s] INFO:colcon.colcon_core.shell:Creating environment hook '/home/y/GZ_DiNiu_ws/install/betop_teleop/share/betop_teleop/hook/pythonpath.sh'
[3.047s] Level 1:colcon.colcon_core.environment:checking '/home/y/GZ_DiNiu_ws/install/betop_teleop/bin'
[3.047s] Level 1:colcon.colcon_core.environment:create_environment_scripts_only(betop_teleop)
[3.048s] INFO:colcon.colcon_core.shell:Creating package script '/home/y/GZ_DiNiu_ws/install/betop_teleop/share/betop_teleop/package.ps1'
[3.049s] INFO:colcon.colcon_core.shell:Creating package descriptor '/home/y/GZ_DiNiu_ws/install/betop_teleop/share/betop_teleop/package.dsv'
[3.050s] INFO:colcon.colcon_core.shell:Creating package script '/home/y/GZ_DiNiu_ws/install/betop_teleop/share/betop_teleop/package.sh'
[3.050s] INFO:colcon.colcon_core.shell:Creating package script '/home/y/GZ_DiNiu_ws/install/betop_teleop/share/betop_teleop/package.bash'
[3.051s] INFO:colcon.colcon_core.shell:Creating package script '/home/y/GZ_DiNiu_ws/install/betop_teleop/share/betop_teleop/package.zsh'
[3.052s] Level 1:colcon.colcon_core.environment:create_file_with_runtime_dependencies(/home/y/GZ_DiNiu_ws/install/betop_teleop/share/colcon-core/packages/betop_teleop)
[3.075s] Level 1:colcon.colcon_core.environment:checking '/home/y/GZ_DiNiu_ws/install/diuniu_description' for CMake module files
[3.075s] DEBUG:colcon.colcon_core.event_handler.log_command:Invoked command in '/home/y/GZ_DiNiu_ws/src/diuniu_description' returned '0': PYTHONPATH=/home/y/GZ_DiNiu_ws/build/diuniu_description/prefix_override:/usr/lib/python3/dist-packages/colcon_core/task/python/colcon_distutils_commands:/home/y/GZ_DiNiu_ws/install/diuniu_description/lib/python3.10/site-packages:${PYTHONPATH} /usr/bin/python3 -W ignore:setup.py install is deprecated -W ignore:easy_install command is deprecated setup.py egg_info --egg-base ../../build/diuniu_description build --build-base /home/y/GZ_DiNiu_ws/build/diuniu_description/build install --record /home/y/GZ_DiNiu_ws/build/diuniu_description/install.log --install-scripts $base/lib/diuniu_description --single-version-externally-managed install_data
[3.076s] Level 1:colcon.colcon_core.environment:checking '/home/y/GZ_DiNiu_ws/install/diuniu_description' for CMake config files
[3.076s] Level 1:colcon.colcon_core.environment:checking '/home/y/GZ_DiNiu_ws/install/diuniu_description/lib'
[3.077s] Level 1:colcon.colcon_core.environment:checking '/home/y/GZ_DiNiu_ws/install/diuniu_description/bin'
[3.077s] Level 1:colcon.colcon_core.environment:checking '/home/y/GZ_DiNiu_ws/install/diuniu_description/lib/pkgconfig/diuniu_description.pc'
[3.077s] Level 1:colcon.colcon_core.environment:checking '/home/y/GZ_DiNiu_ws/install/diuniu_description/lib/python3.10/site-packages'
[3.077s] Level 1:colcon.colcon_core.shell:create_environment_hook('diuniu_description', 'pythonpath')
[3.077s] INFO:colcon.colcon_core.shell:Creating environment hook '/home/y/GZ_DiNiu_ws/install/diuniu_description/share/diuniu_description/hook/pythonpath.ps1'
[3.079s] INFO:colcon.colcon_core.shell:Creating environment descriptor '/home/y/GZ_DiNiu_ws/install/diuniu_description/share/diuniu_description/hook/pythonpath.dsv'
[3.081s] INFO:colcon.colcon_core.shell:Creating environment hook '/home/y/GZ_DiNiu_ws/install/diuniu_description/share/diuniu_description/hook/pythonpath.sh'
[3.084s] Level 1:colcon.colcon_core.environment:checking '/home/y/GZ_DiNiu_ws/install/diuniu_description/bin'
[3.084s] Level 1:colcon.colcon_core.environment:create_environment_scripts_only(diuniu_description)
[3.085s] INFO:colcon.colcon_core.shell:Creating package script '/home/y/GZ_DiNiu_ws/install/diuniu_description/share/diuniu_description/package.ps1'
[3.086s] INFO:colcon.colcon_core.shell:Creating package descriptor '/home/y/GZ_DiNiu_ws/install/diuniu_description/share/diuniu_description/package.dsv'
[3.086s] INFO:colcon.colcon_core.shell:Creating package script '/home/y/GZ_DiNiu_ws/install/diuniu_description/share/diuniu_description/package.sh'
[3.087s] INFO:colcon.colcon_core.shell:Creating package script '/home/y/GZ_DiNiu_ws/install/diuniu_description/share/diuniu_description/package.bash'
[3.088s] INFO:colcon.colcon_core.shell:Creating package script '/home/y/GZ_DiNiu_ws/install/diuniu_description/share/diuniu_description/package.zsh'
[3.088s] Level 1:colcon.colcon_core.environment:create_file_with_runtime_dependencies(/home/y/GZ_DiNiu_ws/install/diuniu_description/share/colcon-core/packages/diuniu_description)
[3.089s] DEBUG:colcon.colcon_parallel_executor.executor.parallel:closing loop
[3.090s] DEBUG:colcon.colcon_parallel_executor.executor.parallel:loop closed
[3.090s] DEBUG:colcon.colcon_parallel_executor.executor.parallel:run_until_complete finished with '0'
[3.090s] DEBUG:colcon.colcon_core.event_reactor:joining thread
[3.091s] DEBUG:colcon.colcon_core.event_reactor:joined thread
[3.091s] INFO:colcon.colcon_core.shell:Creating prefix script '/home/y/GZ_DiNiu_ws/install/local_setup.ps1'
[3.093s] INFO:colcon.colcon_core.shell:Creating prefix util module '/home/y/GZ_DiNiu_ws/install/_local_setup_util_ps1.py'
[3.094s] INFO:colcon.colcon_core.shell:Creating prefix chain script '/home/y/GZ_DiNiu_ws/install/setup.ps1'
[3.097s] INFO:colcon.colcon_core.shell:Creating prefix script '/home/y/GZ_DiNiu_ws/install/local_setup.sh'
[3.098s] INFO:colcon.colcon_core.shell:Creating prefix util module '/home/y/GZ_DiNiu_ws/install/_local_setup_util_sh.py'
[3.099s] INFO:colcon.colcon_core.shell:Creating prefix chain script '/home/y/GZ_DiNiu_ws/install/setup.sh'
[3.101s] INFO:colcon.colcon_core.shell:Creating prefix script '/home/y/GZ_DiNiu_ws/install/local_setup.bash'
[3.101s] INFO:colcon.colcon_core.shell:Creating prefix chain script '/home/y/GZ_DiNiu_ws/install/setup.bash'
[3.103s] INFO:colcon.colcon_core.shell:Creating prefix script '/home/y/GZ_DiNiu_ws/install/local_setup.zsh'
[3.104s] INFO:colcon.colcon_core.shell:Creating prefix chain script '/home/y/GZ_DiNiu_ws/install/setup.zsh'
