running egg_info
creating ../../build/diuniu_base/diuniu_base.egg-info
writing ../../build/diuniu_base/diuniu_base.egg-info/PKG-INFO
writing dependency_links to ../../build/diuniu_base/diuniu_base.egg-info/dependency_links.txt
writing entry points to ../../build/diuniu_base/diuniu_base.egg-info/entry_points.txt
writing requirements to ../../build/diuniu_base/diuniu_base.egg-info/requires.txt
writing top-level names to ../../build/diuniu_base/diuniu_base.egg-info/top_level.txt
writing manifest file '../../build/diuniu_base/diuniu_base.egg-info/SOURCES.txt'
reading manifest file '../../build/diuniu_base/diuniu_base.egg-info/SOURCES.txt'
writing manifest file '../../build/diuniu_base/diuniu_base.egg-info/SOURCES.txt'
running build
running install
running install_data
creating /home/y/GZ_DiNiu_ws/install/diuniu_base/share/ament_index
creating /home/y/GZ_DiNiu_ws/install/diuniu_base/share/ament_index/resource_index
creating /home/y/GZ_DiNiu_ws/install/diuniu_base/share/ament_index/resource_index/packages
copying resource/diuniu_base -> /home/y/GZ_DiNiu_ws/install/diuniu_base/share/ament_index/resource_index/packages
copying package.xml -> /home/y/GZ_DiNiu_ws/install/diuniu_base/share/diuniu_base
creating /home/y/GZ_DiNiu_ws/install/diuniu_base/share/diuniu_base/launch
copying launch/diuniu_base.launch.py -> /home/y/GZ_DiNiu_ws/install/diuniu_base/share/diuniu_base/launch
running install_egg_info
Copying ../../build/diuniu_base/diuniu_base.egg-info to /home/y/GZ_DiNiu_ws/install/diuniu_base/lib/python3.10/site-packages/diuniu_base-0.0.0-py3.10.egg-info
running install_scripts
Installing diuniu_base script to /home/y/GZ_DiNiu_ws/install/diuniu_base/lib/diuniu_base
writing list of installed files to '/home/y/GZ_DiNiu_ws/build/diuniu_base/install.log'
