[1.304s] Invoking command in '/home/y/GZ_DiNiu_ws/src/diuniu_base': PYTHONPATH=/home/y/GZ_DiNiu_ws/build/diuniu_base/prefix_override:/usr/lib/python3/dist-packages/colcon_core/task/python/colcon_distutils_commands:/home/y/GZ_DiNiu_ws/install/diuniu_base/lib/python3.10/site-packages:${PYTHONPATH} /usr/bin/python3 -W ignore:setup.py install is deprecated -W ignore:easy_install command is deprecated setup.py egg_info --egg-base ../../build/diuniu_base build --build-base /home/y/GZ_DiNiu_ws/build/diuniu_base/build install --record /home/y/GZ_DiNiu_ws/build/diuniu_base/install.log --install-scripts $base/lib/diuniu_base --single-version-externally-managed install_data
[1.637s] running egg_info
[1.637s] creating ../../build/diuniu_base/diuniu_base.egg-info
[1.639s] writing ../../build/diuniu_base/diuniu_base.egg-info/PKG-INFO
[1.640s] writing dependency_links to ../../build/diuniu_base/diuniu_base.egg-info/dependency_links.txt
[1.640s] writing entry points to ../../build/diuniu_base/diuniu_base.egg-info/entry_points.txt
[1.641s] writing requirements to ../../build/diuniu_base/diuniu_base.egg-info/requires.txt
[1.641s] writing top-level names to ../../build/diuniu_base/diuniu_base.egg-info/top_level.txt
[1.642s] writing manifest file '../../build/diuniu_base/diuniu_base.egg-info/SOURCES.txt'
[1.644s] reading manifest file '../../build/diuniu_base/diuniu_base.egg-info/SOURCES.txt'
[1.644s] writing manifest file '../../build/diuniu_base/diuniu_base.egg-info/SOURCES.txt'
[1.645s] running build
[1.646s] running install
[1.646s] running install_data
[1.647s] creating /home/y/GZ_DiNiu_ws/install/diuniu_base/share/ament_index
[1.647s] creating /home/y/GZ_DiNiu_ws/install/diuniu_base/share/ament_index/resource_index
[1.647s] creating /home/y/GZ_DiNiu_ws/install/diuniu_base/share/ament_index/resource_index/packages
[1.648s] copying resource/diuniu_base -> /home/y/GZ_DiNiu_ws/install/diuniu_base/share/ament_index/resource_index/packages
[1.648s] copying package.xml -> /home/y/GZ_DiNiu_ws/install/diuniu_base/share/diuniu_base
[1.648s] creating /home/y/GZ_DiNiu_ws/install/diuniu_base/share/diuniu_base/launch
[1.648s] copying launch/diuniu_base.launch.py -> /home/y/GZ_DiNiu_ws/install/diuniu_base/share/diuniu_base/launch
[1.649s] running install_egg_info
[1.657s] Copying ../../build/diuniu_base/diuniu_base.egg-info to /home/y/GZ_DiNiu_ws/install/diuniu_base/lib/python3.10/site-packages/diuniu_base-0.0.0-py3.10.egg-info
[1.657s] running install_scripts
[1.691s] Installing diuniu_base script to /home/y/GZ_DiNiu_ws/install/diuniu_base/lib/diuniu_base
[1.697s] writing list of installed files to '/home/y/GZ_DiNiu_ws/build/diuniu_base/install.log'
[1.768s] Invoked command in '/home/y/GZ_DiNiu_ws/src/diuniu_base' returned '0': PYTHONPATH=/home/y/GZ_DiNiu_ws/build/diuniu_base/prefix_override:/usr/lib/python3/dist-packages/colcon_core/task/python/colcon_distutils_commands:/home/y/GZ_DiNiu_ws/install/diuniu_base/lib/python3.10/site-packages:${PYTHONPATH} /usr/bin/python3 -W ignore:setup.py install is deprecated -W ignore:easy_install command is deprecated setup.py egg_info --egg-base ../../build/diuniu_base build --build-base /home/y/GZ_DiNiu_ws/build/diuniu_base/build install --record /home/y/GZ_DiNiu_ws/build/diuniu_base/install.log --install-scripts $base/lib/diuniu_base --single-version-externally-managed install_data
