running egg_info
creating ../../build/betop_teleop/betop_teleop.egg-info
writing ../../build/betop_teleop/betop_teleop.egg-info/PKG-INFO
writing dependency_links to ../../build/betop_teleop/betop_teleop.egg-info/dependency_links.txt
writing entry points to ../../build/betop_teleop/betop_teleop.egg-info/entry_points.txt
writing requirements to ../../build/betop_teleop/betop_teleop.egg-info/requires.txt
writing top-level names to ../../build/betop_teleop/betop_teleop.egg-info/top_level.txt
writing manifest file '../../build/betop_teleop/betop_teleop.egg-info/SOURCES.txt'
package init file 'betop_teleop/__init__.py' not found (or not a regular file)
reading manifest file '../../build/betop_teleop/betop_teleop.egg-info/SOURCES.txt'
writing manifest file '../../build/betop_teleop/betop_teleop.egg-info/SOURCES.txt'
running build
running build_py
creating /home/y/GZ_DiNiu_ws/build/betop_teleop/build
creating /home/y/GZ_DiNiu_ws/build/betop_teleop/build/lib
creating /home/y/GZ_DiNiu_ws/build/betop_teleop/build/lib/betop_teleop
copying betop_teleop/diuniu_teleop_serial.py -> /home/y/GZ_DiNiu_ws/build/betop_teleop/build/lib/betop_teleop
copying betop_teleop/diuniu_teleop_cmd_vel.py -> /home/y/GZ_DiNiu_ws/build/betop_teleop/build/lib/betop_teleop
running install
running install_lib
creating /home/y/GZ_DiNiu_ws/install/betop_teleop/lib/python3.10/site-packages/betop_teleop
copying /home/y/GZ_DiNiu_ws/build/betop_teleop/build/lib/betop_teleop/diuniu_teleop_serial.py -> /home/y/GZ_DiNiu_ws/install/betop_teleop/lib/python3.10/site-packages/betop_teleop
copying /home/y/GZ_DiNiu_ws/build/betop_teleop/build/lib/betop_teleop/diuniu_teleop_cmd_vel.py -> /home/y/GZ_DiNiu_ws/install/betop_teleop/lib/python3.10/site-packages/betop_teleop
byte-compiling /home/y/GZ_DiNiu_ws/install/betop_teleop/lib/python3.10/site-packages/betop_teleop/diuniu_teleop_serial.py to diuniu_teleop_serial.cpython-310.pyc
byte-compiling /home/y/GZ_DiNiu_ws/install/betop_teleop/lib/python3.10/site-packages/betop_teleop/diuniu_teleop_cmd_vel.py to diuniu_teleop_cmd_vel.cpython-310.pyc
running install_data
creating /home/y/GZ_DiNiu_ws/install/betop_teleop/share/ament_index
creating /home/y/GZ_DiNiu_ws/install/betop_teleop/share/ament_index/resource_index
creating /home/y/GZ_DiNiu_ws/install/betop_teleop/share/ament_index/resource_index/packages
copying resource/betop_teleop -> /home/y/GZ_DiNiu_ws/install/betop_teleop/share/ament_index/resource_index/packages
copying package.xml -> /home/y/GZ_DiNiu_ws/install/betop_teleop/share/betop_teleop
creating /home/y/GZ_DiNiu_ws/install/betop_teleop/share/betop_teleop/launch
copying launch/diuniu_teleop.launch.py -> /home/y/GZ_DiNiu_ws/install/betop_teleop/share/betop_teleop/launch
copying launch/diuniu_teleop_serial.launch.py -> /home/y/GZ_DiNiu_ws/install/betop_teleop/share/betop_teleop/launch
copying launch/diuniu_teleop_cmd_vel.launch.py -> /home/y/GZ_DiNiu_ws/install/betop_teleop/share/betop_teleop/launch
running install_egg_info
Copying ../../build/betop_teleop/betop_teleop.egg-info to /home/y/GZ_DiNiu_ws/install/betop_teleop/lib/python3.10/site-packages/betop_teleop-0.0.1-py3.10.egg-info
running install_scripts
Installing diuniu_teleop_cmd_vel script to /home/y/GZ_DiNiu_ws/install/betop_teleop/lib/betop_teleop
Installing diuniu_teleop_serial script to /home/y/GZ_DiNiu_ws/install/betop_teleop/lib/betop_teleop
writing list of installed files to '/home/y/GZ_DiNiu_ws/build/betop_teleop/install.log'
