[0.143s] DEBUG:colcon:Command line arguments: ['/usr/bin/colcon', 'build']
[0.143s] DEBUG:colcon:Parsed command line arguments: Namespace(log_base=None, log_level=None, verb_name='build', build_base='build', install_base='install', merge_install=False, symlink_install=False, test_result_base=None, continue_on_error=False, executor='parallel', parallel_workers=4, event_handlers=None, ignore_user_meta=False, metas=['./colcon.meta'], base_paths=['.'], packages_ignore=None, packages_ignore_regex=None, paths=None, packages_up_to=None, packages_up_to_regex=None, packages_above=None, packages_above_and_dependencies=None, packages_above_depth=None, packages_select_by_dep=None, packages_skip_by_dep=None, packages_skip_up_to=None, packages_select_build_failed=False, packages_skip_build_finished=False, packages_select_test_failures=False, packages_skip_test_passed=False, packages_select=None, packages_skip=None, packages_select_regex=None, packages_skip_regex=None, packages_start=None, packages_end=None, allow_overriding=[], cmake_args=None, cmake_target=None, cmake_target_skip_unavailable=False, cmake_clean_cache=False, cmake_clean_first=False, cmake_force_configure=False, ament_cmake_args=None, catkin_cmake_args=None, catkin_skip_building_tests=False, verb_parser=<colcon_defaults.argument_parser.defaults.DefaultArgumentsDecorator object at 0x75b82691e530>, verb_extension=<colcon_core.verb.build.BuildVerb object at 0x75b826ad6b30>, main=<bound method BuildVerb.main of <colcon_core.verb.build.BuildVerb object at 0x75b826ad6b30>>)
[0.358s] Level 1:colcon.colcon_core.package_discovery:discover_packages(colcon_meta) check parameters
[0.358s] Level 1:colcon.colcon_core.package_discovery:discover_packages(recursive) check parameters
[0.358s] Level 1:colcon.colcon_core.package_discovery:discover_packages(ignore) check parameters
[0.358s] Level 1:colcon.colcon_core.package_discovery:discover_packages(path) check parameters
[0.358s] Level 1:colcon.colcon_core.package_discovery:discover_packages(colcon_meta) discover
[0.358s] Level 1:colcon.colcon_core.package_discovery:discover_packages(recursive) discover
[0.358s] INFO:colcon.colcon_core.package_discovery:Crawling recursively for packages in '/home/y/GZ_DiNiu_ws'
[0.359s] Level 1:colcon.colcon_core.package_identification:_identify(.) by extensions ['ignore', 'ignore_ament_install']
[0.359s] Level 1:colcon.colcon_core.package_identification:_identify(.) by extension 'ignore'
[0.359s] Level 1:colcon.colcon_core.package_identification:_identify(.) by extension 'ignore_ament_install'
[0.359s] Level 1:colcon.colcon_core.package_identification:_identify(.) by extensions ['colcon_pkg']
[0.359s] Level 1:colcon.colcon_core.package_identification:_identify(.) by extension 'colcon_pkg'
[0.359s] Level 1:colcon.colcon_core.package_identification:_identify(.) by extensions ['colcon_meta']
[0.359s] Level 1:colcon.colcon_core.package_identification:_identify(.) by extension 'colcon_meta'
[0.359s] Level 1:colcon.colcon_core.package_identification:_identify(.) by extensions ['ros']
[0.359s] Level 1:colcon.colcon_core.package_identification:_identify(.) by extension 'ros'
[0.373s] Level 1:colcon.colcon_core.package_identification:_identify(.) by extensions ['cmake', 'python']
[0.373s] Level 1:colcon.colcon_core.package_identification:_identify(.) by extension 'cmake'
[0.373s] Level 1:colcon.colcon_core.package_identification:_identify(.) by extension 'python'
[0.373s] Level 1:colcon.colcon_core.package_identification:_identify(.) by extensions ['python_setup_py']
[0.373s] Level 1:colcon.colcon_core.package_identification:_identify(.) by extension 'python_setup_py'
[0.373s] Level 1:colcon.colcon_core.package_identification:_identify(build) by extensions ['ignore', 'ignore_ament_install']
[0.373s] Level 1:colcon.colcon_core.package_identification:_identify(build) by extension 'ignore'
[0.373s] Level 1:colcon.colcon_core.package_identification:_identify(build) ignored
[0.373s] Level 1:colcon.colcon_core.package_identification:_identify(install) by extensions ['ignore', 'ignore_ament_install']
[0.373s] Level 1:colcon.colcon_core.package_identification:_identify(install) by extension 'ignore'
[0.374s] Level 1:colcon.colcon_core.package_identification:_identify(install) ignored
[0.374s] Level 1:colcon.colcon_core.package_identification:_identify(log) by extensions ['ignore', 'ignore_ament_install']
[0.374s] Level 1:colcon.colcon_core.package_identification:_identify(log) by extension 'ignore'
[0.374s] Level 1:colcon.colcon_core.package_identification:_identify(log) ignored
[0.374s] Level 1:colcon.colcon_core.package_identification:_identify(src) by extensions ['ignore', 'ignore_ament_install']
[0.374s] Level 1:colcon.colcon_core.package_identification:_identify(src) by extension 'ignore'
[0.374s] Level 1:colcon.colcon_core.package_identification:_identify(src) by extension 'ignore_ament_install'
[0.374s] Level 1:colcon.colcon_core.package_identification:_identify(src) by extensions ['colcon_pkg']
[0.374s] Level 1:colcon.colcon_core.package_identification:_identify(src) by extension 'colcon_pkg'
[0.374s] Level 1:colcon.colcon_core.package_identification:_identify(src) by extensions ['colcon_meta']
[0.374s] Level 1:colcon.colcon_core.package_identification:_identify(src) by extension 'colcon_meta'
[0.374s] Level 1:colcon.colcon_core.package_identification:_identify(src) by extensions ['ros']
[0.374s] Level 1:colcon.colcon_core.package_identification:_identify(src) by extension 'ros'
[0.374s] Level 1:colcon.colcon_core.package_identification:_identify(src) by extensions ['cmake', 'python']
[0.375s] Level 1:colcon.colcon_core.package_identification:_identify(src) by extension 'cmake'
[0.375s] Level 1:colcon.colcon_core.package_identification:_identify(src) by extension 'python'
[0.375s] Level 1:colcon.colcon_core.package_identification:_identify(src) by extensions ['python_setup_py']
[0.375s] Level 1:colcon.colcon_core.package_identification:_identify(src) by extension 'python_setup_py'
[0.375s] Level 1:colcon.colcon_core.package_identification:_identify(src/betop_teleop) by extensions ['ignore', 'ignore_ament_install']
[0.375s] Level 1:colcon.colcon_core.package_identification:_identify(src/betop_teleop) by extension 'ignore'
[0.375s] Level 1:colcon.colcon_core.package_identification:_identify(src/betop_teleop) by extension 'ignore_ament_install'
[0.375s] Level 1:colcon.colcon_core.package_identification:_identify(src/betop_teleop) by extensions ['colcon_pkg']
[0.375s] Level 1:colcon.colcon_core.package_identification:_identify(src/betop_teleop) by extension 'colcon_pkg'
[0.375s] Level 1:colcon.colcon_core.package_identification:_identify(src/betop_teleop) by extensions ['colcon_meta']
[0.375s] Level 1:colcon.colcon_core.package_identification:_identify(src/betop_teleop) by extension 'colcon_meta'
[0.375s] Level 1:colcon.colcon_core.package_identification:_identify(src/betop_teleop) by extensions ['ros']
[0.375s] Level 1:colcon.colcon_core.package_identification:_identify(src/betop_teleop) by extension 'ros'
[0.382s] DEBUG:colcon.colcon_core.package_identification:Package 'src/betop_teleop' with type 'ros.ament_python' and name 'betop_teleop'
[0.383s] Level 1:colcon.colcon_core.package_identification:_identify(src/diuniu_base) by extensions ['ignore', 'ignore_ament_install']
[0.383s] Level 1:colcon.colcon_core.package_identification:_identify(src/diuniu_base) by extension 'ignore'
[0.383s] Level 1:colcon.colcon_core.package_identification:_identify(src/diuniu_base) by extension 'ignore_ament_install'
[0.383s] Level 1:colcon.colcon_core.package_identification:_identify(src/diuniu_base) by extensions ['colcon_pkg']
[0.383s] Level 1:colcon.colcon_core.package_identification:_identify(src/diuniu_base) by extension 'colcon_pkg'
[0.383s] Level 1:colcon.colcon_core.package_identification:_identify(src/diuniu_base) by extensions ['colcon_meta']
[0.383s] Level 1:colcon.colcon_core.package_identification:_identify(src/diuniu_base) by extension 'colcon_meta'
[0.383s] Level 1:colcon.colcon_core.package_identification:_identify(src/diuniu_base) by extensions ['ros']
[0.383s] Level 1:colcon.colcon_core.package_identification:_identify(src/diuniu_base) by extension 'ros'
[0.384s] DEBUG:colcon.colcon_core.package_identification:Package 'src/diuniu_base' with type 'ros.ament_python' and name 'diuniu_base'
[0.384s] Level 1:colcon.colcon_core.package_identification:_identify(src/diuniu_description) by extensions ['ignore', 'ignore_ament_install']
[0.384s] Level 1:colcon.colcon_core.package_identification:_identify(src/diuniu_description) by extension 'ignore'
[0.384s] Level 1:colcon.colcon_core.package_identification:_identify(src/diuniu_description) by extension 'ignore_ament_install'
[0.384s] Level 1:colcon.colcon_core.package_identification:_identify(src/diuniu_description) by extensions ['colcon_pkg']
[0.384s] Level 1:colcon.colcon_core.package_identification:_identify(src/diuniu_description) by extension 'colcon_pkg'
[0.384s] Level 1:colcon.colcon_core.package_identification:_identify(src/diuniu_description) by extensions ['colcon_meta']
[0.384s] Level 1:colcon.colcon_core.package_identification:_identify(src/diuniu_description) by extension 'colcon_meta'
[0.384s] Level 1:colcon.colcon_core.package_identification:_identify(src/diuniu_description) by extensions ['ros']
[0.384s] Level 1:colcon.colcon_core.package_identification:_identify(src/diuniu_description) by extension 'ros'
[0.385s] DEBUG:colcon.colcon_core.package_identification:Package 'src/diuniu_description' with type 'ros.ament_python' and name 'diuniu_description'
[0.385s] Level 1:colcon.colcon_core.package_discovery:discover_packages(recursive) using defaults
[0.385s] Level 1:colcon.colcon_core.package_discovery:discover_packages(ignore) discover
[0.385s] Level 1:colcon.colcon_core.package_discovery:discover_packages(ignore) using defaults
[0.385s] Level 1:colcon.colcon_core.package_discovery:discover_packages(path) discover
[0.385s] Level 1:colcon.colcon_core.package_discovery:discover_packages(path) using defaults
[0.440s] Level 1:colcon.colcon_core.package_discovery:discover_packages(prefix_path) check parameters
[0.440s] Level 1:colcon.colcon_core.package_discovery:discover_packages(prefix_path) discover
[0.441s] WARNING:colcon.colcon_ros.prefix_path.ament:The path '/home/y/GZ_DiNiu_ws/install/diuniu_description' in the environment variable AMENT_PREFIX_PATH doesn't exist
[0.443s] DEBUG:colcon.colcon_installed_package_information.package_discovery:Found 2 installed packages in /home/y/GZ_DiNiu_ws/install
[0.444s] DEBUG:colcon.colcon_installed_package_information.package_discovery:Found 5 installed packages in /home/y/Web_ws/install
[0.445s] DEBUG:colcon.colcon_installed_package_information.package_discovery:Found 10 installed packages in /home/y/GZ_DiNiuY_ws/install
[0.447s] DEBUG:colcon.colcon_installed_package_information.package_discovery:Found 324 installed packages in /opt/ros/humble
[0.449s] Level 1:colcon.colcon_core.package_discovery:discover_packages(prefix_path) using defaults
[0.507s] Level 5:colcon.colcon_core.verb:set package 'betop_teleop' build argument 'cmake_args' from command line to 'None'
[0.507s] Level 5:colcon.colcon_core.verb:set package 'betop_teleop' build argument 'cmake_target' from command line to 'None'
[0.507s] Level 5:colcon.colcon_core.verb:set package 'betop_teleop' build argument 'cmake_target_skip_unavailable' from command line to 'False'
[0.507s] Level 5:colcon.colcon_core.verb:set package 'betop_teleop' build argument 'cmake_clean_cache' from command line to 'False'
[0.507s] Level 5:colcon.colcon_core.verb:set package 'betop_teleop' build argument 'cmake_clean_first' from command line to 'False'
[0.507s] Level 5:colcon.colcon_core.verb:set package 'betop_teleop' build argument 'cmake_force_configure' from command line to 'False'
[0.507s] Level 5:colcon.colcon_core.verb:set package 'betop_teleop' build argument 'ament_cmake_args' from command line to 'None'
[0.507s] Level 5:colcon.colcon_core.verb:set package 'betop_teleop' build argument 'catkin_cmake_args' from command line to 'None'
[0.507s] Level 5:colcon.colcon_core.verb:set package 'betop_teleop' build argument 'catkin_skip_building_tests' from command line to 'False'
[0.507s] DEBUG:colcon.colcon_core.verb:Building package 'betop_teleop' with the following arguments: {'ament_cmake_args': None, 'build_base': '/home/y/GZ_DiNiu_ws/build/betop_teleop', 'catkin_cmake_args': None, 'catkin_skip_building_tests': False, 'cmake_args': None, 'cmake_clean_cache': False, 'cmake_clean_first': False, 'cmake_force_configure': False, 'cmake_target': None, 'cmake_target_skip_unavailable': False, 'install_base': '/home/y/GZ_DiNiu_ws/install/betop_teleop', 'merge_install': False, 'path': '/home/y/GZ_DiNiu_ws/src/betop_teleop', 'symlink_install': False, 'test_result_base': None}
[0.508s] Level 5:colcon.colcon_core.verb:set package 'diuniu_base' build argument 'cmake_args' from command line to 'None'
[0.508s] Level 5:colcon.colcon_core.verb:set package 'diuniu_base' build argument 'cmake_target' from command line to 'None'
[0.508s] Level 5:colcon.colcon_core.verb:set package 'diuniu_base' build argument 'cmake_target_skip_unavailable' from command line to 'False'
[0.508s] Level 5:colcon.colcon_core.verb:set package 'diuniu_base' build argument 'cmake_clean_cache' from command line to 'False'
[0.508s] Level 5:colcon.colcon_core.verb:set package 'diuniu_base' build argument 'cmake_clean_first' from command line to 'False'
[0.508s] Level 5:colcon.colcon_core.verb:set package 'diuniu_base' build argument 'cmake_force_configure' from command line to 'False'
[0.508s] Level 5:colcon.colcon_core.verb:set package 'diuniu_base' build argument 'ament_cmake_args' from command line to 'None'
[0.508s] Level 5:colcon.colcon_core.verb:set package 'diuniu_base' build argument 'catkin_cmake_args' from command line to 'None'
[0.508s] Level 5:colcon.colcon_core.verb:set package 'diuniu_base' build argument 'catkin_skip_building_tests' from command line to 'False'
[0.508s] DEBUG:colcon.colcon_core.verb:Building package 'diuniu_base' with the following arguments: {'ament_cmake_args': None, 'build_base': '/home/y/GZ_DiNiu_ws/build/diuniu_base', 'catkin_cmake_args': None, 'catkin_skip_building_tests': False, 'cmake_args': None, 'cmake_clean_cache': False, 'cmake_clean_first': False, 'cmake_force_configure': False, 'cmake_target': None, 'cmake_target_skip_unavailable': False, 'install_base': '/home/y/GZ_DiNiu_ws/install/diuniu_base', 'merge_install': False, 'path': '/home/y/GZ_DiNiu_ws/src/diuniu_base', 'symlink_install': False, 'test_result_base': None}
[0.508s] Level 5:colcon.colcon_core.verb:set package 'diuniu_description' build argument 'cmake_args' from command line to 'None'
[0.508s] Level 5:colcon.colcon_core.verb:set package 'diuniu_description' build argument 'cmake_target' from command line to 'None'
[0.508s] Level 5:colcon.colcon_core.verb:set package 'diuniu_description' build argument 'cmake_target_skip_unavailable' from command line to 'False'
[0.508s] Level 5:colcon.colcon_core.verb:set package 'diuniu_description' build argument 'cmake_clean_cache' from command line to 'False'
[0.508s] Level 5:colcon.colcon_core.verb:set package 'diuniu_description' build argument 'cmake_clean_first' from command line to 'False'
[0.508s] Level 5:colcon.colcon_core.verb:set package 'diuniu_description' build argument 'cmake_force_configure' from command line to 'False'
[0.509s] Level 5:colcon.colcon_core.verb:set package 'diuniu_description' build argument 'ament_cmake_args' from command line to 'None'
[0.509s] Level 5:colcon.colcon_core.verb:set package 'diuniu_description' build argument 'catkin_cmake_args' from command line to 'None'
[0.509s] Level 5:colcon.colcon_core.verb:set package 'diuniu_description' build argument 'catkin_skip_building_tests' from command line to 'False'
[0.509s] DEBUG:colcon.colcon_core.verb:Building package 'diuniu_description' with the following arguments: {'ament_cmake_args': None, 'build_base': '/home/y/GZ_DiNiu_ws/build/diuniu_description', 'catkin_cmake_args': None, 'catkin_skip_building_tests': False, 'cmake_args': None, 'cmake_clean_cache': False, 'cmake_clean_first': False, 'cmake_force_configure': False, 'cmake_target': None, 'cmake_target_skip_unavailable': False, 'install_base': '/home/y/GZ_DiNiu_ws/install/diuniu_description', 'merge_install': False, 'path': '/home/y/GZ_DiNiu_ws/src/diuniu_description', 'symlink_install': False, 'test_result_base': None}
[0.509s] INFO:colcon.colcon_core.executor:Executing jobs using 'parallel' executor
[0.510s] DEBUG:colcon.colcon_parallel_executor.executor.parallel:run_until_complete
[0.510s] INFO:colcon.colcon_ros.task.ament_python.build:Building ROS package in '/home/y/GZ_DiNiu_ws/src/betop_teleop' with build type 'ament_python'
[0.511s] Level 1:colcon.colcon_core.shell:create_environment_hook('betop_teleop', 'ament_prefix_path')
[0.514s] INFO:colcon.colcon_core.plugin_system:Skipping extension 'colcon_core.shell.bat': Not used on non-Windows systems
[0.514s] INFO:colcon.colcon_core.shell:Creating environment hook '/home/y/GZ_DiNiu_ws/install/betop_teleop/share/betop_teleop/hook/ament_prefix_path.ps1'
[0.516s] INFO:colcon.colcon_core.shell:Creating environment descriptor '/home/y/GZ_DiNiu_ws/install/betop_teleop/share/betop_teleop/hook/ament_prefix_path.dsv'
[0.517s] INFO:colcon.colcon_core.shell:Creating environment hook '/home/y/GZ_DiNiu_ws/install/betop_teleop/share/betop_teleop/hook/ament_prefix_path.sh'
[0.518s] INFO:colcon.colcon_core.shell:Skip shell extension 'powershell' for command environment: Not usable outside of PowerShell
[0.518s] DEBUG:colcon.colcon_core.shell:Skip shell extension 'dsv' for command environment
[0.524s] INFO:colcon.colcon_ros.task.ament_python.build:Building ROS package in '/home/y/GZ_DiNiu_ws/src/diuniu_base' with build type 'ament_python'
[0.525s] Level 1:colcon.colcon_core.shell:create_environment_hook('diuniu_base', 'ament_prefix_path')
[0.525s] INFO:colcon.colcon_core.shell:Creating environment hook '/home/y/GZ_DiNiu_ws/install/diuniu_base/share/diuniu_base/hook/ament_prefix_path.ps1'
[0.526s] INFO:colcon.colcon_core.shell:Creating environment descriptor '/home/y/GZ_DiNiu_ws/install/diuniu_base/share/diuniu_base/hook/ament_prefix_path.dsv'
[0.526s] INFO:colcon.colcon_core.shell:Creating environment hook '/home/y/GZ_DiNiu_ws/install/diuniu_base/share/diuniu_base/hook/ament_prefix_path.sh'
[0.527s] INFO:colcon.colcon_core.shell:Skip shell extension 'powershell' for command environment: Not usable outside of PowerShell
[0.527s] DEBUG:colcon.colcon_core.shell:Skip shell extension 'dsv' for command environment
[0.533s] INFO:colcon.colcon_ros.task.ament_python.build:Building ROS package in '/home/y/GZ_DiNiu_ws/src/diuniu_description' with build type 'ament_python'
[0.533s] Level 1:colcon.colcon_core.shell:create_environment_hook('diuniu_description', 'ament_prefix_path')
[0.533s] INFO:colcon.colcon_core.shell:Creating environment hook '/home/y/GZ_DiNiu_ws/install/diuniu_description/share/diuniu_description/hook/ament_prefix_path.ps1'
[0.534s] INFO:colcon.colcon_core.shell:Creating environment descriptor '/home/y/GZ_DiNiu_ws/install/diuniu_description/share/diuniu_description/hook/ament_prefix_path.dsv'
[0.535s] INFO:colcon.colcon_core.shell:Creating environment hook '/home/y/GZ_DiNiu_ws/install/diuniu_description/share/diuniu_description/hook/ament_prefix_path.sh'
[0.536s] INFO:colcon.colcon_core.shell:Skip shell extension 'powershell' for command environment: Not usable outside of PowerShell
[0.536s] DEBUG:colcon.colcon_core.shell:Skip shell extension 'dsv' for command environment
[0.899s] INFO:colcon.colcon_core.task.python.build:Building Python package in '/home/y/GZ_DiNiu_ws/src/betop_teleop'
[0.900s] INFO:colcon.colcon_core.shell:Skip shell extension 'powershell' for command environment: Not usable outside of PowerShell
[0.900s] DEBUG:colcon.colcon_core.shell:Skip shell extension 'dsv' for command environment
[1.257s] INFO:colcon.colcon_core.task.python.build:Building Python package in '/home/y/GZ_DiNiu_ws/src/diuniu_base'
[1.257s] INFO:colcon.colcon_core.shell:Skip shell extension 'powershell' for command environment: Not usable outside of PowerShell
[1.257s] DEBUG:colcon.colcon_core.shell:Skip shell extension 'dsv' for command environment
[1.624s] INFO:colcon.colcon_core.task.python.build:Building Python package in '/home/y/GZ_DiNiu_ws/src/diuniu_description'
[1.625s] INFO:colcon.colcon_core.shell:Skip shell extension 'powershell' for command environment: Not usable outside of PowerShell
[1.625s] DEBUG:colcon.colcon_core.shell:Skip shell extension 'dsv' for command environment
[2.183s] DEBUG:colcon.colcon_core.task.python.build:Available setuptools commands: symlink_data, build, develop, bdist_wheel, sdist, bdist_egg, easy_install, upload, rotate, build_ext, alias, bdist_dumb, setopt, install_headers, bdist, install_data, clean, register, saveopts, install, dist_info, install_lib, test, egg_info, check, build_py, upload_docs, install_scripts, bdist_rpm, build_clib, build_scripts, install_egg_info
[2.193s] DEBUG:colcon.colcon_core.event_handler.log_command:Invoking command in '/home/y/GZ_DiNiu_ws/src/betop_teleop': PYTHONPATH=/home/y/GZ_DiNiu_ws/build/betop_teleop/prefix_override:/usr/lib/python3/dist-packages/colcon_core/task/python/colcon_distutils_commands:/home/y/GZ_DiNiu_ws/install/betop_teleop/lib/python3.10/site-packages:${PYTHONPATH} /usr/bin/python3 -W ignore:setup.py install is deprecated -W ignore:easy_install command is deprecated setup.py egg_info --egg-base ../../build/betop_teleop build --build-base /home/y/GZ_DiNiu_ws/build/betop_teleop/build install --record /home/y/GZ_DiNiu_ws/build/betop_teleop/install.log --install-scripts $base/lib/betop_teleop --single-version-externally-managed install_data
[2.272s] DEBUG:colcon.colcon_core.task.python.build:Available setuptools commands: symlink_data, build, develop, bdist_wheel, sdist, bdist_egg, easy_install, upload, rotate, build_ext, alias, bdist_dumb, setopt, install_headers, bdist, install_data, clean, register, saveopts, install, dist_info, install_lib, test, egg_info, check, build_py, upload_docs, install_scripts, bdist_rpm, build_clib, build_scripts, install_egg_info
[2.278s] DEBUG:colcon.colcon_core.event_handler.log_command:Invoking command in '/home/y/GZ_DiNiu_ws/src/diuniu_description': PYTHONPATH=/home/y/GZ_DiNiu_ws/build/diuniu_description/prefix_override:/usr/lib/python3/dist-packages/colcon_core/task/python/colcon_distutils_commands:/home/y/GZ_DiNiu_ws/install/diuniu_description/lib/python3.10/site-packages:${PYTHONPATH} /usr/bin/python3 -W ignore:setup.py install is deprecated -W ignore:easy_install command is deprecated setup.py egg_info --egg-base ../../build/diuniu_description build --build-base /home/y/GZ_DiNiu_ws/build/diuniu_description/build install --record /home/y/GZ_DiNiu_ws/build/diuniu_description/install.log --install-scripts $base/lib/diuniu_description --single-version-externally-managed install_data
[2.348s] DEBUG:colcon.colcon_core.task.python.build:Available setuptools commands: symlink_data, build, develop, bdist_wheel, sdist, bdist_egg, easy_install, upload, rotate, build_ext, alias, bdist_dumb, setopt, install_headers, bdist, install_data, clean, register, saveopts, install, dist_info, install_lib, test, egg_info, check, build_py, upload_docs, install_scripts, bdist_rpm, build_clib, build_scripts, install_egg_info
[2.353s] DEBUG:colcon.colcon_core.event_handler.log_command:Invoking command in '/home/y/GZ_DiNiu_ws/src/diuniu_base': PYTHONPATH=/home/y/GZ_DiNiu_ws/build/diuniu_base/prefix_override:/usr/lib/python3/dist-packages/colcon_core/task/python/colcon_distutils_commands:/home/y/GZ_DiNiu_ws/install/diuniu_base/lib/python3.10/site-packages:${PYTHONPATH} /usr/bin/python3 -W ignore:setup.py install is deprecated -W ignore:easy_install command is deprecated setup.py egg_info --egg-base ../../build/diuniu_base build --build-base /home/y/GZ_DiNiu_ws/build/diuniu_base/build install --record /home/y/GZ_DiNiu_ws/build/diuniu_base/install.log --install-scripts $base/lib/diuniu_base --single-version-externally-managed install_data
[2.797s] DEBUG:colcon.colcon_core.event_handler.log_command:Invoked command in '/home/y/GZ_DiNiu_ws/src/betop_teleop' returned '0': PYTHONPATH=/home/y/GZ_DiNiu_ws/build/betop_teleop/prefix_override:/usr/lib/python3/dist-packages/colcon_core/task/python/colcon_distutils_commands:/home/y/GZ_DiNiu_ws/install/betop_teleop/lib/python3.10/site-packages:${PYTHONPATH} /usr/bin/python3 -W ignore:setup.py install is deprecated -W ignore:easy_install command is deprecated setup.py egg_info --egg-base ../../build/betop_teleop build --build-base /home/y/GZ_DiNiu_ws/build/betop_teleop/build install --record /home/y/GZ_DiNiu_ws/build/betop_teleop/install.log --install-scripts $base/lib/betop_teleop --single-version-externally-managed install_data
[2.805s] Level 1:colcon.colcon_core.environment:checking '/home/y/GZ_DiNiu_ws/install/betop_teleop' for CMake module files
[2.810s] Level 1:colcon.colcon_core.environment:checking '/home/y/GZ_DiNiu_ws/install/betop_teleop' for CMake config files
[2.814s] Level 1:colcon.colcon_core.environment:checking '/home/y/GZ_DiNiu_ws/install/betop_teleop/lib'
[2.814s] Level 1:colcon.colcon_core.environment:checking '/home/y/GZ_DiNiu_ws/install/betop_teleop/bin'
[2.817s] Level 1:colcon.colcon_core.environment:checking '/home/y/GZ_DiNiu_ws/install/betop_teleop/lib/pkgconfig/betop_teleop.pc'
[2.817s] Level 1:colcon.colcon_core.environment:checking '/home/y/GZ_DiNiu_ws/install/betop_teleop/lib/python3.10/site-packages'
[2.817s] Level 1:colcon.colcon_core.shell:create_environment_hook('betop_teleop', 'pythonpath')
[2.820s] INFO:colcon.colcon_core.shell:Creating environment hook '/home/y/GZ_DiNiu_ws/install/betop_teleop/share/betop_teleop/hook/pythonpath.ps1'
[2.826s] INFO:colcon.colcon_core.shell:Creating environment descriptor '/home/y/GZ_DiNiu_ws/install/betop_teleop/share/betop_teleop/hook/pythonpath.dsv'
[2.831s] INFO:colcon.colcon_core.shell:Creating environment hook '/home/y/GZ_DiNiu_ws/install/betop_teleop/share/betop_teleop/hook/pythonpath.sh'
[2.840s] Level 1:colcon.colcon_core.environment:checking '/home/y/GZ_DiNiu_ws/install/betop_teleop/bin'
[2.841s] Level 1:colcon.colcon_core.environment:create_environment_scripts_only(betop_teleop)
[2.843s] INFO:colcon.colcon_core.shell:Creating package script '/home/y/GZ_DiNiu_ws/install/betop_teleop/share/betop_teleop/package.ps1'
[2.850s] INFO:colcon.colcon_core.shell:Creating package descriptor '/home/y/GZ_DiNiu_ws/install/betop_teleop/share/betop_teleop/package.dsv'
[2.853s] INFO:colcon.colcon_core.shell:Creating package script '/home/y/GZ_DiNiu_ws/install/betop_teleop/share/betop_teleop/package.sh'
[2.861s] INFO:colcon.colcon_core.shell:Creating package script '/home/y/GZ_DiNiu_ws/install/betop_teleop/share/betop_teleop/package.bash'
[2.862s] INFO:colcon.colcon_core.shell:Creating package script '/home/y/GZ_DiNiu_ws/install/betop_teleop/share/betop_teleop/package.zsh'
[2.863s] Level 1:colcon.colcon_core.environment:create_file_with_runtime_dependencies(/home/y/GZ_DiNiu_ws/install/betop_teleop/share/colcon-core/packages/betop_teleop)
[2.915s] Level 1:colcon.colcon_core.environment:checking '/home/y/GZ_DiNiu_ws/install/diuniu_description' for CMake module files
[2.916s] Level 1:colcon.colcon_core.environment:checking '/home/y/GZ_DiNiu_ws/install/diuniu_description' for CMake config files
[2.915s] DEBUG:colcon.colcon_core.event_handler.log_command:Invoked command in '/home/y/GZ_DiNiu_ws/src/diuniu_description' returned '0': PYTHONPATH=/home/y/GZ_DiNiu_ws/build/diuniu_description/prefix_override:/usr/lib/python3/dist-packages/colcon_core/task/python/colcon_distutils_commands:/home/y/GZ_DiNiu_ws/install/diuniu_description/lib/python3.10/site-packages:${PYTHONPATH} /usr/bin/python3 -W ignore:setup.py install is deprecated -W ignore:easy_install command is deprecated setup.py egg_info --egg-base ../../build/diuniu_description build --build-base /home/y/GZ_DiNiu_ws/build/diuniu_description/build install --record /home/y/GZ_DiNiu_ws/build/diuniu_description/install.log --install-scripts $base/lib/diuniu_description --single-version-externally-managed install_data
[2.919s] Level 1:colcon.colcon_core.environment:checking '/home/y/GZ_DiNiu_ws/install/diuniu_description/lib'
[2.920s] Level 1:colcon.colcon_core.environment:checking '/home/y/GZ_DiNiu_ws/install/diuniu_description/bin'
[2.920s] Level 1:colcon.colcon_core.environment:checking '/home/y/GZ_DiNiu_ws/install/diuniu_description/lib/pkgconfig/diuniu_description.pc'
[2.920s] Level 1:colcon.colcon_core.environment:checking '/home/y/GZ_DiNiu_ws/install/diuniu_description/lib/python3.10/site-packages'
[2.921s] Level 1:colcon.colcon_core.shell:create_environment_hook('diuniu_description', 'pythonpath')
[2.921s] INFO:colcon.colcon_core.shell:Creating environment hook '/home/y/GZ_DiNiu_ws/install/diuniu_description/share/diuniu_description/hook/pythonpath.ps1'
[2.926s] INFO:colcon.colcon_core.shell:Creating environment descriptor '/home/y/GZ_DiNiu_ws/install/diuniu_description/share/diuniu_description/hook/pythonpath.dsv'
[2.927s] INFO:colcon.colcon_core.shell:Creating environment hook '/home/y/GZ_DiNiu_ws/install/diuniu_description/share/diuniu_description/hook/pythonpath.sh'
[2.931s] Level 1:colcon.colcon_core.environment:checking '/home/y/GZ_DiNiu_ws/install/diuniu_description/bin'
[2.932s] Level 1:colcon.colcon_core.environment:create_environment_scripts_only(diuniu_description)
[2.932s] INFO:colcon.colcon_core.shell:Creating package script '/home/y/GZ_DiNiu_ws/install/diuniu_description/share/diuniu_description/package.ps1'
[2.945s] INFO:colcon.colcon_core.shell:Creating package descriptor '/home/y/GZ_DiNiu_ws/install/diuniu_description/share/diuniu_description/package.dsv'
[2.946s] INFO:colcon.colcon_core.shell:Creating package script '/home/y/GZ_DiNiu_ws/install/diuniu_description/share/diuniu_description/package.sh'
[2.947s] INFO:colcon.colcon_core.shell:Creating package script '/home/y/GZ_DiNiu_ws/install/diuniu_description/share/diuniu_description/package.bash'
[2.947s] INFO:colcon.colcon_core.shell:Creating package script '/home/y/GZ_DiNiu_ws/install/diuniu_description/share/diuniu_description/package.zsh'
[2.948s] Level 1:colcon.colcon_core.environment:create_file_with_runtime_dependencies(/home/y/GZ_DiNiu_ws/install/diuniu_description/share/colcon-core/packages/diuniu_description)
[2.977s] Level 1:colcon.colcon_core.environment:checking '/home/y/GZ_DiNiu_ws/install/diuniu_base' for CMake module files
[2.978s] DEBUG:colcon.colcon_core.event_handler.log_command:Invoked command in '/home/y/GZ_DiNiu_ws/src/diuniu_base' returned '0': PYTHONPATH=/home/y/GZ_DiNiu_ws/build/diuniu_base/prefix_override:/usr/lib/python3/dist-packages/colcon_core/task/python/colcon_distutils_commands:/home/y/GZ_DiNiu_ws/install/diuniu_base/lib/python3.10/site-packages:${PYTHONPATH} /usr/bin/python3 -W ignore:setup.py install is deprecated -W ignore:easy_install command is deprecated setup.py egg_info --egg-base ../../build/diuniu_base build --build-base /home/y/GZ_DiNiu_ws/build/diuniu_base/build install --record /home/y/GZ_DiNiu_ws/build/diuniu_base/install.log --install-scripts $base/lib/diuniu_base --single-version-externally-managed install_data
[2.978s] Level 1:colcon.colcon_core.environment:checking '/home/y/GZ_DiNiu_ws/install/diuniu_base' for CMake config files
[2.979s] Level 1:colcon.colcon_core.environment:checking '/home/y/GZ_DiNiu_ws/install/diuniu_base/lib'
[2.979s] Level 1:colcon.colcon_core.environment:checking '/home/y/GZ_DiNiu_ws/install/diuniu_base/bin'
[2.979s] Level 1:colcon.colcon_core.environment:checking '/home/y/GZ_DiNiu_ws/install/diuniu_base/lib/pkgconfig/diuniu_base.pc'
[2.979s] Level 1:colcon.colcon_core.environment:checking '/home/y/GZ_DiNiu_ws/install/diuniu_base/lib/python3.10/site-packages'
[2.979s] Level 1:colcon.colcon_core.shell:create_environment_hook('diuniu_base', 'pythonpath')
[2.980s] INFO:colcon.colcon_core.shell:Creating environment hook '/home/y/GZ_DiNiu_ws/install/diuniu_base/share/diuniu_base/hook/pythonpath.ps1'
[2.980s] INFO:colcon.colcon_core.shell:Creating environment descriptor '/home/y/GZ_DiNiu_ws/install/diuniu_base/share/diuniu_base/hook/pythonpath.dsv'
[2.981s] INFO:colcon.colcon_core.shell:Creating environment hook '/home/y/GZ_DiNiu_ws/install/diuniu_base/share/diuniu_base/hook/pythonpath.sh'
[2.982s] Level 1:colcon.colcon_core.environment:checking '/home/y/GZ_DiNiu_ws/install/diuniu_base/bin'
[2.982s] Level 1:colcon.colcon_core.environment:create_environment_scripts_only(diuniu_base)
[2.982s] INFO:colcon.colcon_core.shell:Creating package script '/home/y/GZ_DiNiu_ws/install/diuniu_base/share/diuniu_base/package.ps1'
[2.983s] INFO:colcon.colcon_core.shell:Creating package descriptor '/home/y/GZ_DiNiu_ws/install/diuniu_base/share/diuniu_base/package.dsv'
[2.983s] INFO:colcon.colcon_core.shell:Creating package script '/home/y/GZ_DiNiu_ws/install/diuniu_base/share/diuniu_base/package.sh'
[2.984s] INFO:colcon.colcon_core.shell:Creating package script '/home/y/GZ_DiNiu_ws/install/diuniu_base/share/diuniu_base/package.bash'
[2.984s] INFO:colcon.colcon_core.shell:Creating package script '/home/y/GZ_DiNiu_ws/install/diuniu_base/share/diuniu_base/package.zsh'
[2.985s] Level 1:colcon.colcon_core.environment:create_file_with_runtime_dependencies(/home/y/GZ_DiNiu_ws/install/diuniu_base/share/colcon-core/packages/diuniu_base)
[2.985s] DEBUG:colcon.colcon_parallel_executor.executor.parallel:closing loop
[2.985s] DEBUG:colcon.colcon_parallel_executor.executor.parallel:loop closed
[2.986s] DEBUG:colcon.colcon_parallel_executor.executor.parallel:run_until_complete finished with '0'
[2.986s] DEBUG:colcon.colcon_core.event_reactor:joining thread
[2.986s] DEBUG:colcon.colcon_core.event_reactor:joined thread
[2.987s] INFO:colcon.colcon_core.shell:Creating prefix script '/home/y/GZ_DiNiu_ws/install/local_setup.ps1'
[2.989s] INFO:colcon.colcon_core.shell:Creating prefix util module '/home/y/GZ_DiNiu_ws/install/_local_setup_util_ps1.py'
[2.990s] INFO:colcon.colcon_core.shell:Creating prefix chain script '/home/y/GZ_DiNiu_ws/install/setup.ps1'
[2.993s] INFO:colcon.colcon_core.shell:Creating prefix script '/home/y/GZ_DiNiu_ws/install/local_setup.sh'
[2.993s] INFO:colcon.colcon_core.shell:Creating prefix util module '/home/y/GZ_DiNiu_ws/install/_local_setup_util_sh.py'
[2.994s] INFO:colcon.colcon_core.shell:Creating prefix chain script '/home/y/GZ_DiNiu_ws/install/setup.sh'
[2.996s] INFO:colcon.colcon_core.shell:Creating prefix script '/home/y/GZ_DiNiu_ws/install/local_setup.bash'
[2.997s] INFO:colcon.colcon_core.shell:Creating prefix chain script '/home/y/GZ_DiNiu_ws/install/setup.bash'
[2.999s] INFO:colcon.colcon_core.shell:Creating prefix script '/home/y/GZ_DiNiu_ws/install/local_setup.zsh'
[3.000s] INFO:colcon.colcon_core.shell:Creating prefix chain script '/home/y/GZ_DiNiu_ws/install/setup.zsh'
