[1.948s] Invoking command in '/home/y/GZ_DiNiu_ws/src/diuniu_description': PYTHONPATH=/home/y/GZ_DiNiu_ws/build/diuniu_description/prefix_override:/usr/lib/python3/dist-packages/colcon_core/task/python/colcon_distutils_commands:/home/y/GZ_DiNiu_ws/install/diuniu_description/lib/python3.10/site-packages:${PYTHONPATH} /usr/bin/python3 -W ignore:setup.py install is deprecated -W ignore:easy_install command is deprecated setup.py egg_info --egg-base ../../build/diuniu_description build --build-base /home/y/GZ_DiNiu_ws/build/diuniu_description/build install --record /home/y/GZ_DiNiu_ws/build/diuniu_description/install.log --install-scripts $base/lib/diuniu_description --single-version-externally-managed install_data
[2.402s] running egg_info
[2.403s] writing ../../build/diuniu_description/diuniu_description.egg-info/PKG-INFO
[2.405s] writing dependency_links to ../../build/diuniu_description/diuniu_description.egg-info/dependency_links.txt
[2.405s] writing entry points to ../../build/diuniu_description/diuniu_description.egg-info/entry_points.txt
[2.405s] writing requirements to ../../build/diuniu_description/diuniu_description.egg-info/requires.txt
[2.405s] writing top-level names to ../../build/diuniu_description/diuniu_description.egg-info/top_level.txt
[2.407s] reading manifest file '../../build/diuniu_description/diuniu_description.egg-info/SOURCES.txt'
[2.411s] writing manifest file '../../build/diuniu_description/diuniu_description.egg-info/SOURCES.txt'
[2.414s] running build
[2.415s] running build_py
[2.415s] running install
[2.415s] running install_lib
[2.416s] running install_data
[2.416s] running install_egg_info
[2.419s] removing '/home/y/GZ_DiNiu_ws/install/diuniu_description/lib/python3.10/site-packages/diuniu_description-0.0.0-py3.10.egg-info' (and everything under it)
[2.419s] Copying ../../build/diuniu_description/diuniu_description.egg-info to /home/y/GZ_DiNiu_ws/install/diuniu_description/lib/python3.10/site-packages/diuniu_description-0.0.0-py3.10.egg-info
[2.421s] running install_scripts
[2.462s] writing list of installed files to '/home/y/GZ_DiNiu_ws/build/diuniu_description/install.log'
[2.524s] Invoked command in '/home/y/GZ_DiNiu_ws/src/diuniu_description' returned '0': PYTHONPATH=/home/y/GZ_DiNiu_ws/build/diuniu_description/prefix_override:/usr/lib/python3/dist-packages/colcon_core/task/python/colcon_distutils_commands:/home/y/GZ_DiNiu_ws/install/diuniu_description/lib/python3.10/site-packages:${PYTHONPATH} /usr/bin/python3 -W ignore:setup.py install is deprecated -W ignore:easy_install command is deprecated setup.py egg_info --egg-base ../../build/diuniu_description build --build-base /home/y/GZ_DiNiu_ws/build/diuniu_description/build install --record /home/y/GZ_DiNiu_ws/build/diuniu_description/install.log --install-scripts $base/lib/diuniu_description --single-version-externally-managed install_data
